2023-11-18T14:54:51.227Z [Modules] Modules initializing
2023-11-18T14:54:51.227Z [Modules] Distribution: remote
2023-11-18T14:54:51.228Z [Modules] Host updates: enabled
2023-11-18T14:54:51.228Z [Modules] Module updates: enabled
2023-11-18T14:54:51.231Z [Modules] Module install path: /home/abhinav/.config/discord/0.0.35/modules
2023-11-18T14:54:51.232Z [Modules] Module installed file path: /home/abhinav/.config/discord/0.0.35/modules/installed.json
2023-11-18T14:54:51.232Z [Modules] Module download path: /home/abhinav/.config/discord/0.0.35/modules/pending
2023-11-18T14:54:51.469Z [Modules] Bootstrapping...
2023-11-18T14:54:51.470Z [Modules] Installing discord_desktop_core@0 from /opt/discord/resources/bootstrap/discord_desktop_core.zip
2023-11-18T14:54:51.477Z [Modules] Failed installing discord_desktop_core@0: Error: ENOENT: no such file or directory, open '/opt/discord/resources/bootstrap/discord_desktop_core.zip'
2023-11-18T14:54:51.478Z [Modules] Installing discord_erlpack@0 from /opt/discord/resources/bootstrap/discord_erlpack.zip
2023-11-18T14:54:51.481Z [Modules] Failed installing discord_erlpack@0: Error: ENOENT: no such file or directory, open '/opt/discord/resources/bootstrap/discord_erlpack.zip'
2023-11-18T14:54:51.482Z [Modules] Installing discord_spellcheck@0 from /opt/discord/resources/bootstrap/discord_spellcheck.zip
2023-11-18T14:54:51.486Z [Modules] Failed installing discord_spellcheck@0: Error: ENOENT: no such file or directory, open '/opt/discord/resources/bootstrap/discord_spellcheck.zip'
2023-11-18T14:54:51.487Z [Modules] Installing discord_utils@0 from /opt/discord/resources/bootstrap/discord_utils.zip
2023-11-18T14:54:51.491Z [Modules] Failed installing discord_utils@0: Error: ENOENT: no such file or directory, open '/opt/discord/resources/bootstrap/discord_utils.zip'
2023-11-18T14:54:51.491Z [Modules] Installing discord_voice@0 from /opt/discord/resources/bootstrap/discord_voice.zip
2023-11-18T14:54:51.495Z [Modules] Failed installing discord_voice@0: Error: ENOENT: no such file or directory, open '/opt/discord/resources/bootstrap/discord_voice.zip'
2023-11-18T14:54:51.496Z [Modules] Finished module installations. [success: 0] [failure: 5]
2023-11-18T14:54:51.496Z [Modules] Checking for host updates.
2023-11-18T14:54:51.758Z [Modules] Host is up to date.
2023-11-18T14:54:51.759Z [Modules] Checking for module updates at https://discord.com/api/modules/stable/versions.json
2023-11-18T14:54:51.848Z [Modules] Module update available: discord_desktop_core@1 [installed: 0]
2023-11-18T14:54:51.848Z [Modules] Module update available: discord_erlpack@1 [installed: 0]
2023-11-18T14:54:51.848Z [Modules] Module update available: discord_spellcheck@1 [installed: 0]
2023-11-18T14:54:51.849Z [Modules] Module update available: discord_utils@1 [installed: 0]
2023-11-18T14:54:51.849Z [Modules] Module update available: discord_voice@1 [installed: 0]
2023-11-18T14:54:51.849Z [Modules] Fetching discord_desktop_core@1 from https://discord.com/api/modules/stable/discord_desktop_core/1
2023-11-18T14:54:51.849Z [Modules] Streaming discord_desktop_core@1 to /home/abhinav/.config/discord/0.0.35/modules/pending/discord_desktop_core-1.zip
2023-11-18T14:54:52.153Z [Modules] Streaming discord_desktop_core@1 to /home/abhinav/.config/discord/0.0.35/modules/pending/discord_desktop_core-1.zip: 1%
2023-11-18T14:54:52.169Z [Modules] Streaming discord_desktop_core@1 to /home/abhinav/.config/discord/0.0.35/modules/pending/discord_desktop_core-1.zip: 2%
2023-11-18T14:54:52.192Z [Modules] Streaming discord_desktop_core@1 to /home/abhinav/.config/discord/0.0.35/modules/pending/discord_desktop_core-1.zip: 5%
2023-11-18T14:54:52.194Z [Modules] Streaming discord_desktop_core@1 to /home/abhinav/.config/discord/0.0.35/modules/pending/discord_desktop_core-1.zip: 7%
2023-11-18T14:54:52.214Z [Modules] Streaming discord_desktop_core@1 to /home/abhinav/.config/discord/0.0.35/modules/pending/discord_desktop_core-1.zip: 9%
2023-11-18T14:54:52.215Z [Modules] Streaming discord_desktop_core@1 to /home/abhinav/.config/discord/0.0.35/modules/pending/discord_desktop_core-1.zip: 10%
2023-11-18T14:54:52.219Z [Modules] Streaming discord_desktop_core@1 to /home/abhinav/.config/discord/0.0.35/modules/pending/discord_desktop_core-1.zip: 11%
2023-11-18T14:54:52.222Z [Modules] Streaming discord_desktop_core@1 to /home/abhinav/.config/discord/0.0.35/modules/pending/discord_desktop_core-1.zip: 13%
2023-11-18T14:54:52.227Z [Modules] Streaming discord_desktop_core@1 to /home/abhinav/.config/discord/0.0.35/modules/pending/discord_desktop_core-1.zip: 14%
2023-11-18T14:54:52.232Z [Modules] Streaming discord_desktop_core@1 to /home/abhinav/.config/discord/0.0.35/modules/pending/discord_desktop_core-1.zip: 17%
2023-11-18T14:54:52.237Z [Modules] Streaming discord_desktop_core@1 to /home/abhinav/.config/discord/0.0.35/modules/pending/discord_desktop_core-1.zip: 20%
2023-11-18T14:54:52.247Z [Modules] Streaming discord_desktop_core@1 to /home/abhinav/.config/discord/0.0.35/modules/pending/discord_desktop_core-1.zip: 22%
2023-11-18T14:54:52.254Z [Modules] Streaming discord_desktop_core@1 to /home/abhinav/.config/discord/0.0.35/modules/pending/discord_desktop_core-1.zip: 26%
2023-11-18T14:54:52.260Z [Modules] Streaming discord_desktop_core@1 to /home/abhinav/.config/discord/0.0.35/modules/pending/discord_desktop_core-1.zip: 27%
2023-11-18T14:54:52.263Z [Modules] Streaming discord_desktop_core@1 to /home/abhinav/.config/discord/0.0.35/modules/pending/discord_desktop_core-1.zip: 31%
2023-11-18T14:54:52.269Z [Modules] Streaming discord_desktop_core@1 to /home/abhinav/.config/discord/0.0.35/modules/pending/discord_desktop_core-1.zip: 32%
2023-11-18T14:54:52.270Z [Modules] Streaming discord_desktop_core@1 to /home/abhinav/.config/discord/0.0.35/modules/pending/discord_desktop_core-1.zip: 34%
2023-11-18T14:54:52.278Z [Modules] Streaming discord_desktop_core@1 to /home/abhinav/.config/discord/0.0.35/modules/pending/discord_desktop_core-1.zip: 37%
2023-11-18T14:54:52.283Z [Modules] Streaming discord_desktop_core@1 to /home/abhinav/.config/discord/0.0.35/modules/pending/discord_desktop_core-1.zip: 40%
2023-11-18T14:54:52.286Z [Modules] Streaming discord_desktop_core@1 to /home/abhinav/.config/discord/0.0.35/modules/pending/discord_desktop_core-1.zip: 42%
2023-11-18T14:54:52.289Z [Modules] Streaming discord_desktop_core@1 to /home/abhinav/.config/discord/0.0.35/modules/pending/discord_desktop_core-1.zip: 43%
2023-11-18T14:54:52.291Z [Modules] Streaming discord_desktop_core@1 to /home/abhinav/.config/discord/0.0.35/modules/pending/discord_desktop_core-1.zip: 44%
2023-11-18T14:54:52.294Z [Modules] Streaming discord_desktop_core@1 to /home/abhinav/.config/discord/0.0.35/modules/pending/discord_desktop_core-1.zip: 46%
2023-11-18T14:54:52.298Z [Modules] Streaming discord_desktop_core@1 to /home/abhinav/.config/discord/0.0.35/modules/pending/discord_desktop_core-1.zip: 47%
2023-11-18T14:54:52.299Z [Modules] Streaming discord_desktop_core@1 to /home/abhinav/.config/discord/0.0.35/modules/pending/discord_desktop_core-1.zip: 48%
2023-11-18T14:54:52.302Z [Modules] Streaming discord_desktop_core@1 to /home/abhinav/.config/discord/0.0.35/modules/pending/discord_desktop_core-1.zip: 49%
2023-11-18T14:54:52.306Z [Modules] Streaming discord_desktop_core@1 to /home/abhinav/.config/discord/0.0.35/modules/pending/discord_desktop_core-1.zip: 51%
2023-11-18T14:54:52.308Z [Modules] Streaming discord_desktop_core@1 to /home/abhinav/.config/discord/0.0.35/modules/pending/discord_desktop_core-1.zip: 52%
2023-11-18T14:54:52.315Z [Modules] Streaming discord_desktop_core@1 to /home/abhinav/.config/discord/0.0.35/modules/pending/discord_desktop_core-1.zip: 56%
2023-11-18T14:54:52.316Z [Modules] Streaming discord_desktop_core@1 to /home/abhinav/.config/discord/0.0.35/modules/pending/discord_desktop_core-1.zip: 57%
2023-11-18T14:54:52.320Z [Modules] Streaming discord_desktop_core@1 to /home/abhinav/.config/discord/0.0.35/modules/pending/discord_desktop_core-1.zip: 58%
2023-11-18T14:54:52.326Z [Modules] Streaming discord_desktop_core@1 to /home/abhinav/.config/discord/0.0.35/modules/pending/discord_desktop_core-1.zip: 62%
2023-11-18T14:54:52.328Z [Modules] Streaming discord_desktop_core@1 to /home/abhinav/.config/discord/0.0.35/modules/pending/discord_desktop_core-1.zip: 63%
2023-11-18T14:54:52.332Z [Modules] Streaming discord_desktop_core@1 to /home/abhinav/.config/discord/0.0.35/modules/pending/discord_desktop_core-1.zip: 64%
2023-11-18T14:54:52.337Z [Modules] Streaming discord_desktop_core@1 to /home/abhinav/.config/discord/0.0.35/modules/pending/discord_desktop_core-1.zip: 67%
2023-11-18T14:54:52.341Z [Modules] Streaming discord_desktop_core@1 to /home/abhinav/.config/discord/0.0.35/modules/pending/discord_desktop_core-1.zip: 68%
2023-11-18T14:54:52.342Z [Modules] Streaming discord_desktop_core@1 to /home/abhinav/.config/discord/0.0.35/modules/pending/discord_desktop_core-1.zip: 69%
2023-11-18T14:54:52.351Z [Modules] Streaming discord_desktop_core@1 to /home/abhinav/.config/discord/0.0.35/modules/pending/discord_desktop_core-1.zip: 72%
2023-11-18T14:54:52.358Z [Modules] Streaming discord_desktop_core@1 to /home/abhinav/.config/discord/0.0.35/modules/pending/discord_desktop_core-1.zip: 75%
2023-11-18T14:54:52.360Z [Modules] Streaming discord_desktop_core@1 to /home/abhinav/.config/discord/0.0.35/modules/pending/discord_desktop_core-1.zip: 78%
2023-11-18T14:54:52.363Z [Modules] Streaming discord_desktop_core@1 to /home/abhinav/.config/discord/0.0.35/modules/pending/discord_desktop_core-1.zip: 79%
2023-11-18T14:54:52.369Z [Modules] Streaming discord_desktop_core@1 to /home/abhinav/.config/discord/0.0.35/modules/pending/discord_desktop_core-1.zip: 81%
2023-11-18T14:54:52.373Z [Modules] Streaming discord_desktop_core@1 to /home/abhinav/.config/discord/0.0.35/modules/pending/discord_desktop_core-1.zip: 82%
2023-11-18T14:54:52.378Z [Modules] Streaming discord_desktop_core@1 to /home/abhinav/.config/discord/0.0.35/modules/pending/discord_desktop_core-1.zip: 85%
2023-11-18T14:54:52.380Z [Modules] Streaming discord_desktop_core@1 to /home/abhinav/.config/discord/0.0.35/modules/pending/discord_desktop_core-1.zip: 88%
2023-11-18T14:54:52.388Z [Modules] Streaming discord_desktop_core@1 to /home/abhinav/.config/discord/0.0.35/modules/pending/discord_desktop_core-1.zip: 89%
2023-11-18T14:54:52.391Z [Modules] Streaming discord_desktop_core@1 to /home/abhinav/.config/discord/0.0.35/modules/pending/discord_desktop_core-1.zip: 92%
2023-11-18T14:54:52.392Z [Modules] Streaming discord_desktop_core@1 to /home/abhinav/.config/discord/0.0.35/modules/pending/discord_desktop_core-1.zip: 93%
2023-11-18T14:54:52.396Z [Modules] Streaming discord_desktop_core@1 to /home/abhinav/.config/discord/0.0.35/modules/pending/discord_desktop_core-1.zip: 95%
2023-11-18T14:54:52.402Z [Modules] Streaming discord_desktop_core@1 to /home/abhinav/.config/discord/0.0.35/modules/pending/discord_desktop_core-1.zip: 96%
2023-11-18T14:54:52.406Z [Modules] Streaming discord_desktop_core@1 to /home/abhinav/.config/discord/0.0.35/modules/pending/discord_desktop_core-1.zip: 100%
2023-11-18T14:54:52.409Z [Modules] Fetching discord_erlpack@1 from https://discord.com/api/modules/stable/discord_erlpack/1
2023-11-18T14:54:52.409Z [Modules] Streaming discord_erlpack@1 to /home/abhinav/.config/discord/0.0.35/modules/pending/discord_erlpack-1.zip
2023-11-18T14:54:52.610Z [Modules] Streaming discord_erlpack@1 to /home/abhinav/.config/discord/0.0.35/modules/pending/discord_erlpack-1.zip: 1%
2023-11-18T14:54:52.613Z [Modules] Streaming discord_erlpack@1 to /home/abhinav/.config/discord/0.0.35/modules/pending/discord_erlpack-1.zip: 2%
2023-11-18T14:54:52.614Z [Modules] Streaming discord_erlpack@1 to /home/abhinav/.config/discord/0.0.35/modules/pending/discord_erlpack-1.zip: 3%
2023-11-18T14:54:52.619Z [Modules] Streaming discord_erlpack@1 to /home/abhinav/.config/discord/0.0.35/modules/pending/discord_erlpack-1.zip: 5%
2023-11-18T14:54:52.626Z [Modules] Streaming discord_erlpack@1 to /home/abhinav/.config/discord/0.0.35/modules/pending/discord_erlpack-1.zip: 9%
2023-11-18T14:54:52.631Z [Modules] Streaming discord_erlpack@1 to /home/abhinav/.config/discord/0.0.35/modules/pending/discord_erlpack-1.zip: 12%
2023-11-18T14:54:52.634Z [Modules] Streaming discord_erlpack@1 to /home/abhinav/.config/discord/0.0.35/modules/pending/discord_erlpack-1.zip: 14%
2023-11-18T14:54:52.642Z [Modules] Streaming discord_erlpack@1 to /home/abhinav/.config/discord/0.0.35/modules/pending/discord_erlpack-1.zip: 17%
2023-11-18T14:54:52.643Z [Modules] Streaming discord_erlpack@1 to /home/abhinav/.config/discord/0.0.35/modules/pending/discord_erlpack-1.zip: 19%
2023-11-18T14:54:52.652Z [Modules] Streaming discord_erlpack@1 to /home/abhinav/.config/discord/0.0.35/modules/pending/discord_erlpack-1.zip: 25%
2023-11-18T14:54:52.660Z [Modules] Streaming discord_erlpack@1 to /home/abhinav/.config/discord/0.0.35/modules/pending/discord_erlpack-1.zip: 29%
2023-11-18T14:54:52.664Z [Modules] Streaming discord_erlpack@1 to /home/abhinav/.config/discord/0.0.35/modules/pending/discord_erlpack-1.zip: 33%
2023-11-18T14:54:52.671Z [Modules] Streaming discord_erlpack@1 to /home/abhinav/.config/discord/0.0.35/modules/pending/discord_erlpack-1.zip: 35%
2023-11-18T14:54:52.675Z [Modules] Streaming discord_erlpack@1 to /home/abhinav/.config/discord/0.0.35/modules/pending/discord_erlpack-1.zip: 39%
2023-11-18T14:54:52.681Z [Modules] Streaming discord_erlpack@1 to /home/abhinav/.config/discord/0.0.35/modules/pending/discord_erlpack-1.zip: 42%
2023-11-18T14:54:52.687Z [Modules] Streaming discord_erlpack@1 to /home/abhinav/.config/discord/0.0.35/modules/pending/discord_erlpack-1.zip: 45%
2023-11-18T14:54:52.694Z [Modules] Streaming discord_erlpack@1 to /home/abhinav/.config/discord/0.0.35/modules/pending/discord_erlpack-1.zip: 49%
2023-11-18T14:54:52.698Z [Modules] Streaming discord_erlpack@1 to /home/abhinav/.config/discord/0.0.35/modules/pending/discord_erlpack-1.zip: 52%
2023-11-18T14:54:52.706Z [Modules] Streaming discord_erlpack@1 to /home/abhinav/.config/discord/0.0.35/modules/pending/discord_erlpack-1.zip: 57%
2023-11-18T14:54:52.709Z [Modules] Streaming discord_erlpack@1 to /home/abhinav/.config/discord/0.0.35/modules/pending/discord_erlpack-1.zip: 59%
2023-11-18T14:54:52.720Z [Modules] Streaming discord_erlpack@1 to /home/abhinav/.config/discord/0.0.35/modules/pending/discord_erlpack-1.zip: 63%
2023-11-18T14:54:52.721Z [Modules] Streaming discord_erlpack@1 to /home/abhinav/.config/discord/0.0.35/modules/pending/discord_erlpack-1.zip: 65%
2023-11-18T14:54:52.731Z [Modules] Streaming discord_erlpack@1 to /home/abhinav/.config/discord/0.0.35/modules/pending/discord_erlpack-1.zip: 72%
2023-11-18T14:54:52.732Z [Modules] Streaming discord_erlpack@1 to /home/abhinav/.config/discord/0.0.35/modules/pending/discord_erlpack-1.zip: 73%
2023-11-18T14:54:52.736Z [Modules] Streaming discord_erlpack@1 to /home/abhinav/.config/discord/0.0.35/modules/pending/discord_erlpack-1.zip: 76%
2023-11-18T14:54:52.740Z [Modules] Streaming discord_erlpack@1 to /home/abhinav/.config/discord/0.0.35/modules/pending/discord_erlpack-1.zip: 78%
2023-11-18T14:54:52.745Z [Modules] Streaming discord_erlpack@1 to /home/abhinav/.config/discord/0.0.35/modules/pending/discord_erlpack-1.zip: 82%
2023-11-18T14:54:52.749Z [Modules] Streaming discord_erlpack@1 to /home/abhinav/.config/discord/0.0.35/modules/pending/discord_erlpack-1.zip: 83%
2023-11-18T14:54:52.753Z [Modules] Streaming discord_erlpack@1 to /home/abhinav/.config/discord/0.0.35/modules/pending/discord_erlpack-1.zip: 85%
2023-11-18T14:54:52.758Z [Modules] Streaming discord_erlpack@1 to /home/abhinav/.config/discord/0.0.35/modules/pending/discord_erlpack-1.zip: 89%
2023-11-18T14:54:52.763Z [Modules] Streaming discord_erlpack@1 to /home/abhinav/.config/discord/0.0.35/modules/pending/discord_erlpack-1.zip: 91%
2023-11-18T14:54:52.767Z [Modules] Streaming discord_erlpack@1 to /home/abhinav/.config/discord/0.0.35/modules/pending/discord_erlpack-1.zip: 94%
2023-11-18T14:54:52.772Z [Modules] Streaming discord_erlpack@1 to /home/abhinav/.config/discord/0.0.35/modules/pending/discord_erlpack-1.zip: 96%
2023-11-18T14:54:52.776Z [Modules] Streaming discord_erlpack@1 to /home/abhinav/.config/discord/0.0.35/modules/pending/discord_erlpack-1.zip: 99%
2023-11-18T14:54:52.781Z [Modules] Streaming discord_erlpack@1 to /home/abhinav/.config/discord/0.0.35/modules/pending/discord_erlpack-1.zip: 100%
2023-11-18T14:54:52.783Z [Modules] Fetching discord_spellcheck@1 from https://discord.com/api/modules/stable/discord_spellcheck/1
2023-11-18T14:54:52.783Z [Modules] Streaming discord_spellcheck@1 to /home/abhinav/.config/discord/0.0.35/modules/pending/discord_spellcheck-1.zip
2023-11-18T14:54:52.999Z [Modules] Streaming discord_spellcheck@1 to /home/abhinav/.config/discord/0.0.35/modules/pending/discord_spellcheck-1.zip: 1%
2023-11-18T14:54:53.010Z [Modules] Streaming discord_spellcheck@1 to /home/abhinav/.config/discord/0.0.35/modules/pending/discord_spellcheck-1.zip: 2%
2023-11-18T14:54:53.017Z [Modules] Streaming discord_spellcheck@1 to /home/abhinav/.config/discord/0.0.35/modules/pending/discord_spellcheck-1.zip: 3%
2023-11-18T14:54:53.025Z [Modules] Streaming discord_spellcheck@1 to /home/abhinav/.config/discord/0.0.35/modules/pending/discord_spellcheck-1.zip: 4%
2023-11-18T14:54:53.036Z [Modules] Streaming discord_spellcheck@1 to /home/abhinav/.config/discord/0.0.35/modules/pending/discord_spellcheck-1.zip: 5%
2023-11-18T14:54:53.046Z [Modules] Streaming discord_spellcheck@1 to /home/abhinav/.config/discord/0.0.35/modules/pending/discord_spellcheck-1.zip: 6%
2023-11-18T14:54:53.058Z [Modules] Streaming discord_spellcheck@1 to /home/abhinav/.config/discord/0.0.35/modules/pending/discord_spellcheck-1.zip: 7%
2023-11-18T14:54:53.062Z [Modules] Streaming discord_spellcheck@1 to /home/abhinav/.config/discord/0.0.35/modules/pending/discord_spellcheck-1.zip: 8%
2023-11-18T14:54:53.072Z [Modules] Streaming discord_spellcheck@1 to /home/abhinav/.config/discord/0.0.35/modules/pending/discord_spellcheck-1.zip: 9%
2023-11-18T14:54:53.079Z [Modules] Streaming discord_spellcheck@1 to /home/abhinav/.config/discord/0.0.35/modules/pending/discord_spellcheck-1.zip: 10%
2023-11-18T14:54:53.089Z [Modules] Streaming discord_spellcheck@1 to /home/abhinav/.config/discord/0.0.35/modules/pending/discord_spellcheck-1.zip: 11%
2023-11-18T14:54:53.098Z [Modules] Streaming discord_spellcheck@1 to /home/abhinav/.config/discord/0.0.35/modules/pending/discord_spellcheck-1.zip: 12%
2023-11-18T14:54:53.105Z [Modules] Streaming discord_spellcheck@1 to /home/abhinav/.config/discord/0.0.35/modules/pending/discord_spellcheck-1.zip: 13%
2023-11-18T14:54:53.116Z [Modules] Streaming discord_spellcheck@1 to /home/abhinav/.config/discord/0.0.35/modules/pending/discord_spellcheck-1.zip: 14%
2023-11-18T14:54:53.123Z [Modules] Streaming discord_spellcheck@1 to /home/abhinav/.config/discord/0.0.35/modules/pending/discord_spellcheck-1.zip: 15%
2023-11-18T14:54:53.132Z [Modules] Streaming discord_spellcheck@1 to /home/abhinav/.config/discord/0.0.35/modules/pending/discord_spellcheck-1.zip: 16%
2023-11-18T14:54:53.141Z [Modules] Streaming discord_spellcheck@1 to /home/abhinav/.config/discord/0.0.35/modules/pending/discord_spellcheck-1.zip: 17%
2023-11-18T14:54:53.150Z [Modules] Streaming discord_spellcheck@1 to /home/abhinav/.config/discord/0.0.35/modules/pending/discord_spellcheck-1.zip: 18%
2023-11-18T14:54:53.160Z [Modules] Streaming discord_spellcheck@1 to /home/abhinav/.config/discord/0.0.35/modules/pending/discord_spellcheck-1.zip: 19%
2023-11-18T14:54:53.168Z [Modules] Streaming discord_spellcheck@1 to /home/abhinav/.config/discord/0.0.35/modules/pending/discord_spellcheck-1.zip: 20%
2023-11-18T14:54:53.180Z [Modules] Streaming discord_spellcheck@1 to /home/abhinav/.config/discord/0.0.35/modules/pending/discord_spellcheck-1.zip: 21%
2023-11-18T14:54:53.188Z [Modules] Streaming discord_spellcheck@1 to /home/abhinav/.config/discord/0.0.35/modules/pending/discord_spellcheck-1.zip: 22%
2023-11-18T14:54:53.196Z [Modules] Streaming discord_spellcheck@1 to /home/abhinav/.config/discord/0.0.35/modules/pending/discord_spellcheck-1.zip: 23%
2023-11-18T14:54:53.204Z [Modules] Streaming discord_spellcheck@1 to /home/abhinav/.config/discord/0.0.35/modules/pending/discord_spellcheck-1.zip: 24%
2023-11-18T14:54:53.216Z [Modules] Streaming discord_spellcheck@1 to /home/abhinav/.config/discord/0.0.35/modules/pending/discord_spellcheck-1.zip: 25%
2023-11-18T14:54:53.223Z [Modules] Streaming discord_spellcheck@1 to /home/abhinav/.config/discord/0.0.35/modules/pending/discord_spellcheck-1.zip: 26%
2023-11-18T14:54:53.231Z [Modules] Streaming discord_spellcheck@1 to /home/abhinav/.config/discord/0.0.35/modules/pending/discord_spellcheck-1.zip: 27%
2023-11-18T14:54:53.239Z [Modules] Streaming discord_spellcheck@1 to /home/abhinav/.config/discord/0.0.35/modules/pending/discord_spellcheck-1.zip: 28%
2023-11-18T14:54:53.249Z [Modules] Streaming discord_spellcheck@1 to /home/abhinav/.config/discord/0.0.35/modules/pending/discord_spellcheck-1.zip: 29%
2023-11-18T14:54:53.256Z [Modules] Streaming discord_spellcheck@1 to /home/abhinav/.config/discord/0.0.35/modules/pending/discord_spellcheck-1.zip: 30%
2023-11-18T14:54:53.267Z [Modules] Streaming discord_spellcheck@1 to /home/abhinav/.config/discord/0.0.35/modules/pending/discord_spellcheck-1.zip: 31%
2023-11-18T14:54:53.274Z [Modules] Streaming discord_spellcheck@1 to /home/abhinav/.config/discord/0.0.35/modules/pending/discord_spellcheck-1.zip: 32%
2023-11-18T14:54:53.281Z [Modules] Streaming discord_spellcheck@1 to /home/abhinav/.config/discord/0.0.35/modules/pending/discord_spellcheck-1.zip: 33%
2023-11-18T14:54:53.292Z [Modules] Streaming discord_spellcheck@1 to /home/abhinav/.config/discord/0.0.35/modules/pending/discord_spellcheck-1.zip: 34%
2023-11-18T14:54:53.300Z [Modules] Streaming discord_spellcheck@1 to /home/abhinav/.config/discord/0.0.35/modules/pending/discord_spellcheck-1.zip: 35%
2023-11-18T14:54:53.309Z [Modules] Streaming discord_spellcheck@1 to /home/abhinav/.config/discord/0.0.35/modules/pending/discord_spellcheck-1.zip: 36%
2023-11-18T14:54:53.319Z [Modules] Streaming discord_spellcheck@1 to /home/abhinav/.config/discord/0.0.35/modules/pending/discord_spellcheck-1.zip: 37%
2023-11-18T14:54:53.328Z [Modules] Streaming discord_spellcheck@1 to /home/abhinav/.config/discord/0.0.35/modules/pending/discord_spellcheck-1.zip: 38%
2023-11-18T14:54:53.334Z [Modules] Streaming discord_spellcheck@1 to /home/abhinav/.config/discord/0.0.35/modules/pending/discord_spellcheck-1.zip: 39%
2023-11-18T14:54:53.348Z [Modules] Streaming discord_spellcheck@1 to /home/abhinav/.config/discord/0.0.35/modules/pending/discord_spellcheck-1.zip: 40%
2023-11-18T14:54:53.355Z [Modules] Streaming discord_spellcheck@1 to /home/abhinav/.config/discord/0.0.35/modules/pending/discord_spellcheck-1.zip: 41%
2023-11-18T14:54:53.362Z [Modules] Streaming discord_spellcheck@1 to /home/abhinav/.config/discord/0.0.35/modules/pending/discord_spellcheck-1.zip: 42%
2023-11-18T14:54:53.373Z [Modules] Streaming discord_spellcheck@1 to /home/abhinav/.config/discord/0.0.35/modules/pending/discord_spellcheck-1.zip: 43%
2023-11-18T14:54:53.382Z [Modules] Streaming discord_spellcheck@1 to /home/abhinav/.config/discord/0.0.35/modules/pending/discord_spellcheck-1.zip: 44%
2023-11-18T14:54:53.388Z [Modules] Streaming discord_spellcheck@1 to /home/abhinav/.config/discord/0.0.35/modules/pending/discord_spellcheck-1.zip: 45%
2023-11-18T14:54:53.396Z [Modules] Streaming discord_spellcheck@1 to /home/abhinav/.config/discord/0.0.35/modules/pending/discord_spellcheck-1.zip: 46%
2023-11-18T14:54:53.405Z [Modules] Streaming discord_spellcheck@1 to /home/abhinav/.config/discord/0.0.35/modules/pending/discord_spellcheck-1.zip: 47%
2023-11-18T14:54:53.415Z [Modules] Streaming discord_spellcheck@1 to /home/abhinav/.config/discord/0.0.35/modules/pending/discord_spellcheck-1.zip: 48%
2023-11-18T14:54:53.423Z [Modules] Streaming discord_spellcheck@1 to /home/abhinav/.config/discord/0.0.35/modules/pending/discord_spellcheck-1.zip: 49%
2023-11-18T14:54:53.430Z [Modules] Streaming discord_spellcheck@1 to /home/abhinav/.config/discord/0.0.35/modules/pending/discord_spellcheck-1.zip: 50%
2023-11-18T14:54:53.443Z [Modules] Streaming discord_spellcheck@1 to /home/abhinav/.config/discord/0.0.35/modules/pending/discord_spellcheck-1.zip: 51%
2023-11-18T14:54:53.453Z [Modules] Streaming discord_spellcheck@1 to /home/abhinav/.config/discord/0.0.35/modules/pending/discord_spellcheck-1.zip: 52%
2023-11-18T14:54:53.465Z [Modules] Streaming discord_spellcheck@1 to /home/abhinav/.config/discord/0.0.35/modules/pending/discord_spellcheck-1.zip: 53%
2023-11-18T14:54:53.475Z [Modules] Streaming discord_spellcheck@1 to /home/abhinav/.config/discord/0.0.35/modules/pending/discord_spellcheck-1.zip: 54%
2023-11-18T14:54:53.485Z [Modules] Streaming discord_spellcheck@1 to /home/abhinav/.config/discord/0.0.35/modules/pending/discord_spellcheck-1.zip: 55%
2023-11-18T14:54:53.503Z [Modules] Streaming discord_spellcheck@1 to /home/abhinav/.config/discord/0.0.35/modules/pending/discord_spellcheck-1.zip: 56%
2023-11-18T14:54:53.509Z [Modules] Streaming discord_spellcheck@1 to /home/abhinav/.config/discord/0.0.35/modules/pending/discord_spellcheck-1.zip: 57%
2023-11-18T14:54:53.520Z [Modules] Streaming discord_spellcheck@1 to /home/abhinav/.config/discord/0.0.35/modules/pending/discord_spellcheck-1.zip: 58%
2023-11-18T14:54:53.530Z [Modules] Streaming discord_spellcheck@1 to /home/abhinav/.config/discord/0.0.35/modules/pending/discord_spellcheck-1.zip: 59%
2023-11-18T14:54:53.541Z [Modules] Streaming discord_spellcheck@1 to /home/abhinav/.config/discord/0.0.35/modules/pending/discord_spellcheck-1.zip: 60%
2023-11-18T14:54:53.551Z [Modules] Streaming discord_spellcheck@1 to /home/abhinav/.config/discord/0.0.35/modules/pending/discord_spellcheck-1.zip: 61%
2023-11-18T14:54:53.565Z [Modules] Streaming discord_spellcheck@1 to /home/abhinav/.config/discord/0.0.35/modules/pending/discord_spellcheck-1.zip: 62%
2023-11-18T14:54:53.574Z [Modules] Streaming discord_spellcheck@1 to /home/abhinav/.config/discord/0.0.35/modules/pending/discord_spellcheck-1.zip: 63%
2023-11-18T14:54:53.590Z [Modules] Streaming discord_spellcheck@1 to /home/abhinav/.config/discord/0.0.35/modules/pending/discord_spellcheck-1.zip: 64%
2023-11-18T14:54:53.596Z [Modules] Streaming discord_spellcheck@1 to /home/abhinav/.config/discord/0.0.35/modules/pending/discord_spellcheck-1.zip: 65%
2023-11-18T14:54:53.607Z [Modules] Streaming discord_spellcheck@1 to /home/abhinav/.config/discord/0.0.35/modules/pending/discord_spellcheck-1.zip: 66%
2023-11-18T14:54:53.617Z [Modules] Streaming discord_spellcheck@1 to /home/abhinav/.config/discord/0.0.35/modules/pending/discord_spellcheck-1.zip: 67%
2023-11-18T14:54:53.629Z [Modules] Streaming discord_spellcheck@1 to /home/abhinav/.config/discord/0.0.35/modules/pending/discord_spellcheck-1.zip: 68%
2023-11-18T14:54:53.641Z [Modules] Streaming discord_spellcheck@1 to /home/abhinav/.config/discord/0.0.35/modules/pending/discord_spellcheck-1.zip: 69%
2023-11-18T14:54:53.651Z [Modules] Streaming discord_spellcheck@1 to /home/abhinav/.config/discord/0.0.35/modules/pending/discord_spellcheck-1.zip: 70%
2023-11-18T14:54:53.660Z [Modules] Streaming discord_spellcheck@1 to /home/abhinav/.config/discord/0.0.35/modules/pending/discord_spellcheck-1.zip: 71%
2023-11-18T14:54:53.671Z [Modules] Streaming discord_spellcheck@1 to /home/abhinav/.config/discord/0.0.35/modules/pending/discord_spellcheck-1.zip: 72%
2023-11-18T14:54:53.681Z [Modules] Streaming discord_spellcheck@1 to /home/abhinav/.config/discord/0.0.35/modules/pending/discord_spellcheck-1.zip: 73%
2023-11-18T14:54:53.695Z [Modules] Streaming discord_spellcheck@1 to /home/abhinav/.config/discord/0.0.35/modules/pending/discord_spellcheck-1.zip: 74%
2023-11-18T14:54:53.705Z [Modules] Streaming discord_spellcheck@1 to /home/abhinav/.config/discord/0.0.35/modules/pending/discord_spellcheck-1.zip: 75%
2023-11-18T14:54:53.719Z [Modules] Streaming discord_spellcheck@1 to /home/abhinav/.config/discord/0.0.35/modules/pending/discord_spellcheck-1.zip: 76%
2023-11-18T14:54:53.730Z [Modules] Streaming discord_spellcheck@1 to /home/abhinav/.config/discord/0.0.35/modules/pending/discord_spellcheck-1.zip: 77%
2023-11-18T14:54:53.739Z [Modules] Streaming discord_spellcheck@1 to /home/abhinav/.config/discord/0.0.35/modules/pending/discord_spellcheck-1.zip: 78%
2023-11-18T14:54:53.751Z [Modules] Streaming discord_spellcheck@1 to /home/abhinav/.config/discord/0.0.35/modules/pending/discord_spellcheck-1.zip: 79%
2023-11-18T14:54:53.761Z [Modules] Streaming discord_spellcheck@1 to /home/abhinav/.config/discord/0.0.35/modules/pending/discord_spellcheck-1.zip: 80%
2023-11-18T14:54:53.771Z [Modules] Streaming discord_spellcheck@1 to /home/abhinav/.config/discord/0.0.35/modules/pending/discord_spellcheck-1.zip: 81%
2023-11-18T14:54:53.782Z [Modules] Streaming discord_spellcheck@1 to /home/abhinav/.config/discord/0.0.35/modules/pending/discord_spellcheck-1.zip: 82%
2023-11-18T14:54:53.791Z [Modules] Streaming discord_spellcheck@1 to /home/abhinav/.config/discord/0.0.35/modules/pending/discord_spellcheck-1.zip: 83%
2023-11-18T14:54:53.802Z [Modules] Streaming discord_spellcheck@1 to /home/abhinav/.config/discord/0.0.35/modules/pending/discord_spellcheck-1.zip: 84%
2023-11-18T14:54:53.814Z [Modules] Streaming discord_spellcheck@1 to /home/abhinav/.config/discord/0.0.35/modules/pending/discord_spellcheck-1.zip: 85%
2023-11-18T14:54:53.826Z [Modules] Streaming discord_spellcheck@1 to /home/abhinav/.config/discord/0.0.35/modules/pending/discord_spellcheck-1.zip: 86%
2023-11-18T14:54:53.836Z [Modules] Streaming discord_spellcheck@1 to /home/abhinav/.config/discord/0.0.35/modules/pending/discord_spellcheck-1.zip: 87%
2023-11-18T14:54:53.850Z [Modules] Streaming discord_spellcheck@1 to /home/abhinav/.config/discord/0.0.35/modules/pending/discord_spellcheck-1.zip: 88%
2023-11-18T14:54:53.860Z [Modules] Streaming discord_spellcheck@1 to /home/abhinav/.config/discord/0.0.35/modules/pending/discord_spellcheck-1.zip: 89%
2023-11-18T14:54:53.867Z [Modules] Streaming discord_spellcheck@1 to /home/abhinav/.config/discord/0.0.35/modules/pending/discord_spellcheck-1.zip: 90%
2023-11-18T14:54:53.880Z [Modules] Streaming discord_spellcheck@1 to /home/abhinav/.config/discord/0.0.35/modules/pending/discord_spellcheck-1.zip: 91%
2023-11-18T14:54:53.891Z [Modules] Streaming discord_spellcheck@1 to /home/abhinav/.config/discord/0.0.35/modules/pending/discord_spellcheck-1.zip: 92%
2023-11-18T14:54:53.901Z [Modules] Streaming discord_spellcheck@1 to /home/abhinav/.config/discord/0.0.35/modules/pending/discord_spellcheck-1.zip: 93%
2023-11-18T14:54:53.912Z [Modules] Streaming discord_spellcheck@1 to /home/abhinav/.config/discord/0.0.35/modules/pending/discord_spellcheck-1.zip: 94%
2023-11-18T14:54:53.924Z [Modules] Streaming discord_spellcheck@1 to /home/abhinav/.config/discord/0.0.35/modules/pending/discord_spellcheck-1.zip: 95%
2023-11-18T14:54:53.932Z [Modules] Streaming discord_spellcheck@1 to /home/abhinav/.config/discord/0.0.35/modules/pending/discord_spellcheck-1.zip: 96%
2023-11-18T14:54:53.947Z [Modules] Streaming discord_spellcheck@1 to /home/abhinav/.config/discord/0.0.35/modules/pending/discord_spellcheck-1.zip: 97%
2023-11-18T14:54:53.957Z [Modules] Streaming discord_spellcheck@1 to /home/abhinav/.config/discord/0.0.35/modules/pending/discord_spellcheck-1.zip: 98%
2023-11-18T14:54:53.971Z [Modules] Streaming discord_spellcheck@1 to /home/abhinav/.config/discord/0.0.35/modules/pending/discord_spellcheck-1.zip: 99%
2023-11-18T14:54:53.976Z [Modules] Streaming discord_spellcheck@1 to /home/abhinav/.config/discord/0.0.35/modules/pending/discord_spellcheck-1.zip: 100%
2023-11-18T14:54:53.980Z [Modules] Fetching discord_utils@1 from https://discord.com/api/modules/stable/discord_utils/1
2023-11-18T14:54:53.980Z [Modules] Streaming discord_utils@1 to /home/abhinav/.config/discord/0.0.35/modules/pending/discord_utils-1.zip
2023-11-18T14:54:54.193Z [Modules] Streaming discord_utils@1 to /home/abhinav/.config/discord/0.0.35/modules/pending/discord_utils-1.zip: 1%
2023-11-18T14:54:54.196Z [Modules] Streaming discord_utils@1 to /home/abhinav/.config/discord/0.0.35/modules/pending/discord_utils-1.zip: 2%
2023-11-18T14:54:54.199Z [Modules] Streaming discord_utils@1 to /home/abhinav/.config/discord/0.0.35/modules/pending/discord_utils-1.zip: 3%
2023-11-18T14:54:54.201Z [Modules] Streaming discord_utils@1 to /home/abhinav/.config/discord/0.0.35/modules/pending/discord_utils-1.zip: 4%
2023-11-18T14:54:54.206Z [Modules] Streaming discord_utils@1 to /home/abhinav/.config/discord/0.0.35/modules/pending/discord_utils-1.zip: 5%
2023-11-18T14:54:54.211Z [Modules] Streaming discord_utils@1 to /home/abhinav/.config/discord/0.0.35/modules/pending/discord_utils-1.zip: 7%
2023-11-18T14:54:54.218Z [Modules] Streaming discord_utils@1 to /home/abhinav/.config/discord/0.0.35/modules/pending/discord_utils-1.zip: 9%
2023-11-18T14:54:54.224Z [Modules] Streaming discord_utils@1 to /home/abhinav/.config/discord/0.0.35/modules/pending/discord_utils-1.zip: 11%
2023-11-18T14:54:54.228Z [Modules] Streaming discord_utils@1 to /home/abhinav/.config/discord/0.0.35/modules/pending/discord_utils-1.zip: 12%
2023-11-18T14:54:54.236Z [Modules] Streaming discord_utils@1 to /home/abhinav/.config/discord/0.0.35/modules/pending/discord_utils-1.zip: 15%
2023-11-18T14:54:54.242Z [Modules] Streaming discord_utils@1 to /home/abhinav/.config/discord/0.0.35/modules/pending/discord_utils-1.zip: 17%
2023-11-18T14:54:54.247Z [Modules] Streaming discord_utils@1 to /home/abhinav/.config/discord/0.0.35/modules/pending/discord_utils-1.zip: 19%
2023-11-18T14:54:54.250Z [Modules] Streaming discord_utils@1 to /home/abhinav/.config/discord/0.0.35/modules/pending/discord_utils-1.zip: 20%
2023-11-18T14:54:54.257Z [Modules] Streaming discord_utils@1 to /home/abhinav/.config/discord/0.0.35/modules/pending/discord_utils-1.zip: 23%
2023-11-18T14:54:54.263Z [Modules] Streaming discord_utils@1 to /home/abhinav/.config/discord/0.0.35/modules/pending/discord_utils-1.zip: 25%
2023-11-18T14:54:54.269Z [Modules] Streaming discord_utils@1 to /home/abhinav/.config/discord/0.0.35/modules/pending/discord_utils-1.zip: 27%
2023-11-18T14:54:54.274Z [Modules] Streaming discord_utils@1 to /home/abhinav/.config/discord/0.0.35/modules/pending/discord_utils-1.zip: 29%
2023-11-18T14:54:54.279Z [Modules] Streaming discord_utils@1 to /home/abhinav/.config/discord/0.0.35/modules/pending/discord_utils-1.zip: 30%
2023-11-18T14:54:54.281Z [Modules] Streaming discord_utils@1 to /home/abhinav/.config/discord/0.0.35/modules/pending/discord_utils-1.zip: 31%
2023-11-18T14:54:54.289Z [Modules] Streaming discord_utils@1 to /home/abhinav/.config/discord/0.0.35/modules/pending/discord_utils-1.zip: 34%
2023-11-18T14:54:54.295Z [Modules] Streaming discord_utils@1 to /home/abhinav/.config/discord/0.0.35/modules/pending/discord_utils-1.zip: 36%
2023-11-18T14:54:54.300Z [Modules] Streaming discord_utils@1 to /home/abhinav/.config/discord/0.0.35/modules/pending/discord_utils-1.zip: 38%
2023-11-18T14:54:54.307Z [Modules] Streaming discord_utils@1 to /home/abhinav/.config/discord/0.0.35/modules/pending/discord_utils-1.zip: 41%
2023-11-18T14:54:54.312Z [Modules] Streaming discord_utils@1 to /home/abhinav/.config/discord/0.0.35/modules/pending/discord_utils-1.zip: 43%
2023-11-18T14:54:54.318Z [Modules] Streaming discord_utils@1 to /home/abhinav/.config/discord/0.0.35/modules/pending/discord_utils-1.zip: 45%
2023-11-18T14:54:54.322Z [Modules] Streaming discord_utils@1 to /home/abhinav/.config/discord/0.0.35/modules/pending/discord_utils-1.zip: 47%
2023-11-18T14:54:54.325Z [Modules] Streaming discord_utils@1 to /home/abhinav/.config/discord/0.0.35/modules/pending/discord_utils-1.zip: 48%
2023-11-18T14:54:54.328Z [Modules] Streaming discord_utils@1 to /home/abhinav/.config/discord/0.0.35/modules/pending/discord_utils-1.zip: 49%
2023-11-18T14:54:54.332Z [Modules] Streaming discord_utils@1 to /home/abhinav/.config/discord/0.0.35/modules/pending/discord_utils-1.zip: 50%
2023-11-18T14:54:54.336Z [Modules] Streaming discord_utils@1 to /home/abhinav/.config/discord/0.0.35/modules/pending/discord_utils-1.zip: 51%
2023-11-18T14:54:54.339Z [Modules] Streaming discord_utils@1 to /home/abhinav/.config/discord/0.0.35/modules/pending/discord_utils-1.zip: 52%
2023-11-18T14:54:54.340Z [Modules] Streaming discord_utils@1 to /home/abhinav/.config/discord/0.0.35/modules/pending/discord_utils-1.zip: 53%
2023-11-18T14:54:54.343Z [Modules] Streaming discord_utils@1 to /home/abhinav/.config/discord/0.0.35/modules/pending/discord_utils-1.zip: 54%
2023-11-18T14:54:54.346Z [Modules] Streaming discord_utils@1 to /home/abhinav/.config/discord/0.0.35/modules/pending/discord_utils-1.zip: 55%
2023-11-18T14:54:54.349Z [Modules] Streaming discord_utils@1 to /home/abhinav/.config/discord/0.0.35/modules/pending/discord_utils-1.zip: 56%
2023-11-18T14:54:54.352Z [Modules] Streaming discord_utils@1 to /home/abhinav/.config/discord/0.0.35/modules/pending/discord_utils-1.zip: 57%
2023-11-18T14:54:54.356Z [Modules] Streaming discord_utils@1 to /home/abhinav/.config/discord/0.0.35/modules/pending/discord_utils-1.zip: 59%
2023-11-18T14:54:54.360Z [Modules] Streaming discord_utils@1 to /home/abhinav/.config/discord/0.0.35/modules/pending/discord_utils-1.zip: 60%
2023-11-18T14:54:54.362Z [Modules] Streaming discord_utils@1 to /home/abhinav/.config/discord/0.0.35/modules/pending/discord_utils-1.zip: 61%
2023-11-18T14:54:54.367Z [Modules] Streaming discord_utils@1 to /home/abhinav/.config/discord/0.0.35/modules/pending/discord_utils-1.zip: 63%
2023-11-18T14:54:54.370Z [Modules] Streaming discord_utils@1 to /home/abhinav/.config/discord/0.0.35/modules/pending/discord_utils-1.zip: 64%
2023-11-18T14:54:54.374Z [Modules] Streaming discord_utils@1 to /home/abhinav/.config/discord/0.0.35/modules/pending/discord_utils-1.zip: 65%
2023-11-18T14:54:54.378Z [Modules] Streaming discord_utils@1 to /home/abhinav/.config/discord/0.0.35/modules/pending/discord_utils-1.zip: 66%
2023-11-18T14:54:54.381Z [Modules] Streaming discord_utils@1 to /home/abhinav/.config/discord/0.0.35/modules/pending/discord_utils-1.zip: 67%
2023-11-18T14:54:54.382Z [Modules] Streaming discord_utils@1 to /home/abhinav/.config/discord/0.0.35/modules/pending/discord_utils-1.zip: 68%
2023-11-18T14:54:54.385Z [Modules] Streaming discord_utils@1 to /home/abhinav/.config/discord/0.0.35/modules/pending/discord_utils-1.zip: 69%
2023-11-18T14:54:54.387Z [Modules] Streaming discord_utils@1 to /home/abhinav/.config/discord/0.0.35/modules/pending/discord_utils-1.zip: 70%
2023-11-18T14:54:54.389Z [Modules] Streaming discord_utils@1 to /home/abhinav/.config/discord/0.0.35/modules/pending/discord_utils-1.zip: 71%
2023-11-18T14:54:54.398Z [Modules] Streaming discord_utils@1 to /home/abhinav/.config/discord/0.0.35/modules/pending/discord_utils-1.zip: 72%
2023-11-18T14:54:54.403Z [Modules] Streaming discord_utils@1 to /home/abhinav/.config/discord/0.0.35/modules/pending/discord_utils-1.zip: 76%
2023-11-18T14:54:54.408Z [Modules] Streaming discord_utils@1 to /home/abhinav/.config/discord/0.0.35/modules/pending/discord_utils-1.zip: 77%
2023-11-18T14:54:54.418Z [Modules] Streaming discord_utils@1 to /home/abhinav/.config/discord/0.0.35/modules/pending/discord_utils-1.zip: 80%
2023-11-18T14:54:54.422Z [Modules] Streaming discord_utils@1 to /home/abhinav/.config/discord/0.0.35/modules/pending/discord_utils-1.zip: 81%
2023-11-18T14:54:54.426Z [Modules] Streaming discord_utils@1 to /home/abhinav/.config/discord/0.0.35/modules/pending/discord_utils-1.zip: 82%
2023-11-18T14:54:54.429Z [Modules] Streaming discord_utils@1 to /home/abhinav/.config/discord/0.0.35/modules/pending/discord_utils-1.zip: 83%
2023-11-18T14:54:54.431Z [Modules] Streaming discord_utils@1 to /home/abhinav/.config/discord/0.0.35/modules/pending/discord_utils-1.zip: 84%
2023-11-18T14:54:54.434Z [Modules] Streaming discord_utils@1 to /home/abhinav/.config/discord/0.0.35/modules/pending/discord_utils-1.zip: 85%
2023-11-18T14:54:54.436Z [Modules] Streaming discord_utils@1 to /home/abhinav/.config/discord/0.0.35/modules/pending/discord_utils-1.zip: 86%
2023-11-18T14:54:54.439Z [Modules] Streaming discord_utils@1 to /home/abhinav/.config/discord/0.0.35/modules/pending/discord_utils-1.zip: 87%
2023-11-18T14:54:54.443Z [Modules] Streaming discord_utils@1 to /home/abhinav/.config/discord/0.0.35/modules/pending/discord_utils-1.zip: 88%
2023-11-18T14:54:54.444Z [Modules] Streaming discord_utils@1 to /home/abhinav/.config/discord/0.0.35/modules/pending/discord_utils-1.zip: 89%
2023-11-18T14:54:54.447Z [Modules] Streaming discord_utils@1 to /home/abhinav/.config/discord/0.0.35/modules/pending/discord_utils-1.zip: 90%
2023-11-18T14:54:54.451Z [Modules] Streaming discord_utils@1 to /home/abhinav/.config/discord/0.0.35/modules/pending/discord_utils-1.zip: 91%
2023-11-18T14:54:54.458Z [Modules] Streaming discord_utils@1 to /home/abhinav/.config/discord/0.0.35/modules/pending/discord_utils-1.zip: 93%
2023-11-18T14:54:54.461Z [Modules] Streaming discord_utils@1 to /home/abhinav/.config/discord/0.0.35/modules/pending/discord_utils-1.zip: 95%
2023-11-18T14:54:54.465Z [Modules] Streaming discord_utils@1 to /home/abhinav/.config/discord/0.0.35/modules/pending/discord_utils-1.zip: 97%
2023-11-18T14:54:54.469Z [Modules] Streaming discord_utils@1 to /home/abhinav/.config/discord/0.0.35/modules/pending/discord_utils-1.zip: 98%
2023-11-18T14:54:54.472Z [Modules] Streaming discord_utils@1 to /home/abhinav/.config/discord/0.0.35/modules/pending/discord_utils-1.zip: 99%
2023-11-18T14:54:54.473Z [Modules] Streaming discord_utils@1 to /home/abhinav/.config/discord/0.0.35/modules/pending/discord_utils-1.zip: 100%
2023-11-18T14:54:54.474Z [Modules] Fetching discord_voice@1 from https://discord.com/api/modules/stable/discord_voice/1
2023-11-18T14:54:54.474Z [Modules] Streaming discord_voice@1 to /home/abhinav/.config/discord/0.0.35/modules/pending/discord_voice-1.zip
2023-11-18T14:54:54.708Z [Modules] Streaming discord_voice@1 to /home/abhinav/.config/discord/0.0.35/modules/pending/discord_voice-1.zip: 1%
2023-11-18T14:54:54.726Z [Modules] Streaming discord_voice@1 to /home/abhinav/.config/discord/0.0.35/modules/pending/discord_voice-1.zip: 2%
2023-11-18T14:54:54.744Z [Modules] Streaming discord_voice@1 to /home/abhinav/.config/discord/0.0.35/modules/pending/discord_voice-1.zip: 3%
2023-11-18T14:54:54.763Z [Modules] Streaming discord_voice@1 to /home/abhinav/.config/discord/0.0.35/modules/pending/discord_voice-1.zip: 4%
2023-11-18T14:54:54.786Z [Modules] Streaming discord_voice@1 to /home/abhinav/.config/discord/0.0.35/modules/pending/discord_voice-1.zip: 5%
2023-11-18T14:54:54.800Z [Modules] Streaming discord_voice@1 to /home/abhinav/.config/discord/0.0.35/modules/pending/discord_voice-1.zip: 6%
2023-11-18T14:54:54.822Z [Modules] Streaming discord_voice@1 to /home/abhinav/.config/discord/0.0.35/modules/pending/discord_voice-1.zip: 7%
2023-11-18T14:54:54.838Z [Modules] Streaming discord_voice@1 to /home/abhinav/.config/discord/0.0.35/modules/pending/discord_voice-1.zip: 8%
2023-11-18T14:54:54.857Z [Modules] Streaming discord_voice@1 to /home/abhinav/.config/discord/0.0.35/modules/pending/discord_voice-1.zip: 9%
2023-11-18T14:54:54.872Z [Modules] Streaming discord_voice@1 to /home/abhinav/.config/discord/0.0.35/modules/pending/discord_voice-1.zip: 10%
2023-11-18T14:54:54.892Z [Modules] Streaming discord_voice@1 to /home/abhinav/.config/discord/0.0.35/modules/pending/discord_voice-1.zip: 11%
2023-11-18T14:54:54.909Z [Modules] Streaming discord_voice@1 to /home/abhinav/.config/discord/0.0.35/modules/pending/discord_voice-1.zip: 12%
2023-11-18T14:54:54.928Z [Modules] Streaming discord_voice@1 to /home/abhinav/.config/discord/0.0.35/modules/pending/discord_voice-1.zip: 13%
2023-11-18T14:54:54.950Z [Modules] Streaming discord_voice@1 to /home/abhinav/.config/discord/0.0.35/modules/pending/discord_voice-1.zip: 14%
2023-11-18T14:54:54.964Z [Modules] Streaming discord_voice@1 to /home/abhinav/.config/discord/0.0.35/modules/pending/discord_voice-1.zip: 15%
2023-11-18T14:54:54.988Z [Modules] Streaming discord_voice@1 to /home/abhinav/.config/discord/0.0.35/modules/pending/discord_voice-1.zip: 16%
2023-11-18T14:54:55.000Z [Modules] Streaming discord_voice@1 to /home/abhinav/.config/discord/0.0.35/modules/pending/discord_voice-1.zip: 17%
2023-11-18T14:54:55.019Z [Modules] Streaming discord_voice@1 to /home/abhinav/.config/discord/0.0.35/modules/pending/discord_voice-1.zip: 18%
2023-11-18T14:54:55.039Z [Modules] Streaming discord_voice@1 to /home/abhinav/.config/discord/0.0.35/modules/pending/discord_voice-1.zip: 19%
2023-11-18T14:54:55.058Z [Modules] Streaming discord_voice@1 to /home/abhinav/.config/discord/0.0.35/modules/pending/discord_voice-1.zip: 20%
2023-11-18T14:54:55.073Z [Modules] Streaming discord_voice@1 to /home/abhinav/.config/discord/0.0.35/modules/pending/discord_voice-1.zip: 21%
2023-11-18T14:54:55.093Z [Modules] Streaming discord_voice@1 to /home/abhinav/.config/discord/0.0.35/modules/pending/discord_voice-1.zip: 22%
2023-11-18T14:54:55.110Z [Modules] Streaming discord_voice@1 to /home/abhinav/.config/discord/0.0.35/modules/pending/discord_voice-1.zip: 23%
2023-11-18T14:54:55.130Z [Modules] Streaming discord_voice@1 to /home/abhinav/.config/discord/0.0.35/modules/pending/discord_voice-1.zip: 24%
2023-11-18T14:54:55.155Z [Modules] Streaming discord_voice@1 to /home/abhinav/.config/discord/0.0.35/modules/pending/discord_voice-1.zip: 25%
2023-11-18T14:54:55.175Z [Modules] Streaming discord_voice@1 to /home/abhinav/.config/discord/0.0.35/modules/pending/discord_voice-1.zip: 26%
2023-11-18T14:54:55.198Z [Modules] Streaming discord_voice@1 to /home/abhinav/.config/discord/0.0.35/modules/pending/discord_voice-1.zip: 27%
2023-11-18T14:54:55.223Z [Modules] Streaming discord_voice@1 to /home/abhinav/.config/discord/0.0.35/modules/pending/discord_voice-1.zip: 28%
2023-11-18T14:54:55.243Z [Modules] Streaming discord_voice@1 to /home/abhinav/.config/discord/0.0.35/modules/pending/discord_voice-1.zip: 29%
2023-11-18T14:54:55.264Z [Modules] Streaming discord_voice@1 to /home/abhinav/.config/discord/0.0.35/modules/pending/discord_voice-1.zip: 30%
2023-11-18T14:54:55.289Z [Modules] Streaming discord_voice@1 to /home/abhinav/.config/discord/0.0.35/modules/pending/discord_voice-1.zip: 31%
2023-11-18T14:54:55.312Z [Modules] Streaming discord_voice@1 to /home/abhinav/.config/discord/0.0.35/modules/pending/discord_voice-1.zip: 32%
2023-11-18T14:54:55.336Z [Modules] Streaming discord_voice@1 to /home/abhinav/.config/discord/0.0.35/modules/pending/discord_voice-1.zip: 33%
2023-11-18T14:54:55.359Z [Modules] Streaming discord_voice@1 to /home/abhinav/.config/discord/0.0.35/modules/pending/discord_voice-1.zip: 34%
2023-11-18T14:54:55.377Z [Modules] Streaming discord_voice@1 to /home/abhinav/.config/discord/0.0.35/modules/pending/discord_voice-1.zip: 35%
2023-11-18T14:54:55.402Z [Modules] Streaming discord_voice@1 to /home/abhinav/.config/discord/0.0.35/modules/pending/discord_voice-1.zip: 36%
2023-11-18T14:54:55.426Z [Modules] Streaming discord_voice@1 to /home/abhinav/.config/discord/0.0.35/modules/pending/discord_voice-1.zip: 37%
2023-11-18T14:54:55.447Z [Modules] Streaming discord_voice@1 to /home/abhinav/.config/discord/0.0.35/modules/pending/discord_voice-1.zip: 38%
2023-11-18T14:54:55.473Z [Modules] Streaming discord_voice@1 to /home/abhinav/.config/discord/0.0.35/modules/pending/discord_voice-1.zip: 39%
2023-11-18T14:54:55.494Z [Modules] Streaming discord_voice@1 to /home/abhinav/.config/discord/0.0.35/modules/pending/discord_voice-1.zip: 40%
2023-11-18T14:54:55.516Z [Modules] Streaming discord_voice@1 to /home/abhinav/.config/discord/0.0.35/modules/pending/discord_voice-1.zip: 41%
2023-11-18T14:54:55.537Z [Modules] Streaming discord_voice@1 to /home/abhinav/.config/discord/0.0.35/modules/pending/discord_voice-1.zip: 42%
2023-11-18T14:54:55.562Z [Modules] Streaming discord_voice@1 to /home/abhinav/.config/discord/0.0.35/modules/pending/discord_voice-1.zip: 43%
2023-11-18T14:54:55.582Z [Modules] Streaming discord_voice@1 to /home/abhinav/.config/discord/0.0.35/modules/pending/discord_voice-1.zip: 44%
2023-11-18T14:54:55.605Z [Modules] Streaming discord_voice@1 to /home/abhinav/.config/discord/0.0.35/modules/pending/discord_voice-1.zip: 45%
2023-11-18T14:54:55.633Z [Modules] Streaming discord_voice@1 to /home/abhinav/.config/discord/0.0.35/modules/pending/discord_voice-1.zip: 46%
2023-11-18T14:54:55.655Z [Modules] Streaming discord_voice@1 to /home/abhinav/.config/discord/0.0.35/modules/pending/discord_voice-1.zip: 47%
2023-11-18T14:54:55.673Z [Modules] Streaming discord_voice@1 to /home/abhinav/.config/discord/0.0.35/modules/pending/discord_voice-1.zip: 48%
2023-11-18T14:54:55.697Z [Modules] Streaming discord_voice@1 to /home/abhinav/.config/discord/0.0.35/modules/pending/discord_voice-1.zip: 49%
2023-11-18T14:54:55.723Z [Modules] Streaming discord_voice@1 to /home/abhinav/.config/discord/0.0.35/modules/pending/discord_voice-1.zip: 50%
2023-11-18T14:54:55.743Z [Modules] Streaming discord_voice@1 to /home/abhinav/.config/discord/0.0.35/modules/pending/discord_voice-1.zip: 51%
2023-11-18T14:54:55.765Z [Modules] Streaming discord_voice@1 to /home/abhinav/.config/discord/0.0.35/modules/pending/discord_voice-1.zip: 52%
2023-11-18T14:54:55.791Z [Modules] Streaming discord_voice@1 to /home/abhinav/.config/discord/0.0.35/modules/pending/discord_voice-1.zip: 53%
2023-11-18T14:54:55.812Z [Modules] Streaming discord_voice@1 to /home/abhinav/.config/discord/0.0.35/modules/pending/discord_voice-1.zip: 54%
2023-11-18T14:54:55.837Z [Modules] Streaming discord_voice@1 to /home/abhinav/.config/discord/0.0.35/modules/pending/discord_voice-1.zip: 55%
2023-11-18T14:54:55.856Z [Modules] Streaming discord_voice@1 to /home/abhinav/.config/discord/0.0.35/modules/pending/discord_voice-1.zip: 56%
2023-11-18T14:54:55.879Z [Modules] Streaming discord_voice@1 to /home/abhinav/.config/discord/0.0.35/modules/pending/discord_voice-1.zip: 57%
2023-11-18T14:54:55.903Z [Modules] Streaming discord_voice@1 to /home/abhinav/.config/discord/0.0.35/modules/pending/discord_voice-1.zip: 58%
2023-11-18T14:54:55.925Z [Modules] Streaming discord_voice@1 to /home/abhinav/.config/discord/0.0.35/modules/pending/discord_voice-1.zip: 59%
2023-11-18T14:54:55.948Z [Modules] Streaming discord_voice@1 to /home/abhinav/.config/discord/0.0.35/modules/pending/discord_voice-1.zip: 60%
2023-11-18T14:54:55.972Z [Modules] Streaming discord_voice@1 to /home/abhinav/.config/discord/0.0.35/modules/pending/discord_voice-1.zip: 61%
2023-11-18T14:54:55.991Z [Modules] Streaming discord_voice@1 to /home/abhinav/.config/discord/0.0.35/modules/pending/discord_voice-1.zip: 62%
2023-11-18T14:54:56.016Z [Modules] Streaming discord_voice@1 to /home/abhinav/.config/discord/0.0.35/modules/pending/discord_voice-1.zip: 63%
2023-11-18T14:54:56.038Z [Modules] Streaming discord_voice@1 to /home/abhinav/.config/discord/0.0.35/modules/pending/discord_voice-1.zip: 64%
2023-11-18T14:54:56.060Z [Modules] Streaming discord_voice@1 to /home/abhinav/.config/discord/0.0.35/modules/pending/discord_voice-1.zip: 65%
2023-11-18T14:54:56.083Z [Modules] Streaming discord_voice@1 to /home/abhinav/.config/discord/0.0.35/modules/pending/discord_voice-1.zip: 66%
2023-11-18T14:54:56.106Z [Modules] Streaming discord_voice@1 to /home/abhinav/.config/discord/0.0.35/modules/pending/discord_voice-1.zip: 67%
2023-11-18T14:54:56.131Z [Modules] Streaming discord_voice@1 to /home/abhinav/.config/discord/0.0.35/modules/pending/discord_voice-1.zip: 68%
2023-11-18T14:54:56.154Z [Modules] Streaming discord_voice@1 to /home/abhinav/.config/discord/0.0.35/modules/pending/discord_voice-1.zip: 69%
2023-11-18T14:54:56.174Z [Modules] Streaming discord_voice@1 to /home/abhinav/.config/discord/0.0.35/modules/pending/discord_voice-1.zip: 70%
2023-11-18T14:54:56.199Z [Modules] Streaming discord_voice@1 to /home/abhinav/.config/discord/0.0.35/modules/pending/discord_voice-1.zip: 71%
2023-11-18T14:54:56.220Z [Modules] Streaming discord_voice@1 to /home/abhinav/.config/discord/0.0.35/modules/pending/discord_voice-1.zip: 72%
2023-11-18T14:54:56.243Z [Modules] Streaming discord_voice@1 to /home/abhinav/.config/discord/0.0.35/modules/pending/discord_voice-1.zip: 73%
2023-11-18T14:54:56.266Z [Modules] Streaming discord_voice@1 to /home/abhinav/.config/discord/0.0.35/modules/pending/discord_voice-1.zip: 74%
2023-11-18T14:54:56.292Z [Modules] Streaming discord_voice@1 to /home/abhinav/.config/discord/0.0.35/modules/pending/discord_voice-1.zip: 75%
2023-11-18T14:54:56.311Z [Modules] Streaming discord_voice@1 to /home/abhinav/.config/discord/0.0.35/modules/pending/discord_voice-1.zip: 76%
2023-11-18T14:54:56.338Z [Modules] Streaming discord_voice@1 to /home/abhinav/.config/discord/0.0.35/modules/pending/discord_voice-1.zip: 77%
2023-11-18T14:54:56.356Z [Modules] Streaming discord_voice@1 to /home/abhinav/.config/discord/0.0.35/modules/pending/discord_voice-1.zip: 78%
2023-11-18T14:54:56.379Z [Modules] Streaming discord_voice@1 to /home/abhinav/.config/discord/0.0.35/modules/pending/discord_voice-1.zip: 79%
2023-11-18T14:54:56.402Z [Modules] Streaming discord_voice@1 to /home/abhinav/.config/discord/0.0.35/modules/pending/discord_voice-1.zip: 80%
2023-11-18T14:54:56.427Z [Modules] Streaming discord_voice@1 to /home/abhinav/.config/discord/0.0.35/modules/pending/discord_voice-1.zip: 81%
2023-11-18T14:54:56.446Z [Modules] Streaming discord_voice@1 to /home/abhinav/.config/discord/0.0.35/modules/pending/discord_voice-1.zip: 82%
2023-11-18T14:54:56.469Z [Modules] Streaming discord_voice@1 to /home/abhinav/.config/discord/0.0.35/modules/pending/discord_voice-1.zip: 83%
2023-11-18T14:54:56.492Z [Modules] Streaming discord_voice@1 to /home/abhinav/.config/discord/0.0.35/modules/pending/discord_voice-1.zip: 84%
2023-11-18T14:54:56.514Z [Modules] Streaming discord_voice@1 to /home/abhinav/.config/discord/0.0.35/modules/pending/discord_voice-1.zip: 85%
2023-11-18T14:54:56.540Z [Modules] Streaming discord_voice@1 to /home/abhinav/.config/discord/0.0.35/modules/pending/discord_voice-1.zip: 86%
2023-11-18T14:54:56.562Z [Modules] Streaming discord_voice@1 to /home/abhinav/.config/discord/0.0.35/modules/pending/discord_voice-1.zip: 87%
2023-11-18T14:54:56.586Z [Modules] Streaming discord_voice@1 to /home/abhinav/.config/discord/0.0.35/modules/pending/discord_voice-1.zip: 88%
2023-11-18T14:54:56.606Z [Modules] Streaming discord_voice@1 to /home/abhinav/.config/discord/0.0.35/modules/pending/discord_voice-1.zip: 89%
2023-11-18T14:54:56.631Z [Modules] Streaming discord_voice@1 to /home/abhinav/.config/discord/0.0.35/modules/pending/discord_voice-1.zip: 90%
2023-11-18T14:54:56.652Z [Modules] Streaming discord_voice@1 to /home/abhinav/.config/discord/0.0.35/modules/pending/discord_voice-1.zip: 91%
2023-11-18T14:54:56.674Z [Modules] Streaming discord_voice@1 to /home/abhinav/.config/discord/0.0.35/modules/pending/discord_voice-1.zip: 92%
2023-11-18T14:54:56.700Z [Modules] Streaming discord_voice@1 to /home/abhinav/.config/discord/0.0.35/modules/pending/discord_voice-1.zip: 93%
2023-11-18T14:54:56.725Z [Modules] Streaming discord_voice@1 to /home/abhinav/.config/discord/0.0.35/modules/pending/discord_voice-1.zip: 94%
2023-11-18T14:54:56.743Z [Modules] Streaming discord_voice@1 to /home/abhinav/.config/discord/0.0.35/modules/pending/discord_voice-1.zip: 95%
2023-11-18T14:54:56.772Z [Modules] Streaming discord_voice@1 to /home/abhinav/.config/discord/0.0.35/modules/pending/discord_voice-1.zip: 96%
2023-11-18T14:54:56.790Z [Modules] Streaming discord_voice@1 to /home/abhinav/.config/discord/0.0.35/modules/pending/discord_voice-1.zip: 97%
2023-11-18T14:54:56.811Z [Modules] Streaming discord_voice@1 to /home/abhinav/.config/discord/0.0.35/modules/pending/discord_voice-1.zip: 98%
2023-11-18T14:54:56.833Z [Modules] Streaming discord_voice@1 to /home/abhinav/.config/discord/0.0.35/modules/pending/discord_voice-1.zip: 99%
2023-11-18T14:54:56.854Z [Modules] Streaming discord_voice@1 to /home/abhinav/.config/discord/0.0.35/modules/pending/discord_voice-1.zip: 100%
2023-11-18T14:54:56.856Z [Modules] Finished module downloads. [success: 5] [failure: 0]
2023-11-18T14:54:56.856Z [Modules] Installing updates...
2023-11-18T14:54:56.856Z [Modules] Installing discord_desktop_core@1 from /home/abhinav/.config/discord/0.0.35/modules/pending/discord_desktop_core-1.zip
2023-11-18T14:54:57.041Z [Modules] Installing discord_erlpack@1 from /home/abhinav/.config/discord/0.0.35/modules/pending/discord_erlpack-1.zip
2023-11-18T14:54:57.164Z [Modules] Installing discord_spellcheck@1 from /home/abhinav/.config/discord/0.0.35/modules/pending/discord_spellcheck-1.zip
2023-11-18T14:54:59.059Z [Modules] Installing discord_utils@1 from /home/abhinav/.config/discord/0.0.35/modules/pending/discord_utils-1.zip
2023-11-18T14:54:59.739Z [Modules] Installing discord_voice@1 from /home/abhinav/.config/discord/0.0.35/modules/pending/discord_voice-1.zip
2023-11-18T14:55:01.519Z [Modules] Finished module installations. [success: 5] [failure: 0]
2023-11-18T14:55:01.520Z [Modules] Checking for host updates.
2023-11-18T14:55:01.668Z [Modules] Host is up to date.
2023-11-18T14:55:01.668Z [Modules] Checking for module updates at https://discord.com/api/modules/stable/versions.json
2023-11-18T14:55:01.714Z [Modules] No module updates available.
2023-11-18T14:55:03.914Z [Modules] Starting to install discord_krisp...
2023-11-18T14:55:03.915Z [Modules] Fetching discord_krisp@1 from https://discord.com/api/modules/stable/discord_krisp/1
2023-11-18T14:55:03.915Z [Modules] Streaming discord_krisp@1 to /home/abhinav/.config/discord/0.0.35/modules/pending/discord_krisp-1.zip
2023-11-18T14:55:03.927Z [Modules] Starting to install discord_game_utils...
2023-11-18T14:55:04.151Z [Modules] Streaming discord_krisp@1 to /home/abhinav/.config/discord/0.0.35/modules/pending/discord_krisp-1.zip: 1%
2023-11-18T14:55:04.171Z [Modules] Streaming discord_krisp@1 to /home/abhinav/.config/discord/0.0.35/modules/pending/discord_krisp-1.zip: 2%
2023-11-18T14:55:04.188Z [Modules] Streaming discord_krisp@1 to /home/abhinav/.config/discord/0.0.35/modules/pending/discord_krisp-1.zip: 3%
2023-11-18T14:55:04.514Z [Modules] Streaming discord_krisp@1 to /home/abhinav/.config/discord/0.0.35/modules/pending/discord_krisp-1.zip: 4%
2023-11-18T14:55:04.531Z [Modules] Streaming discord_krisp@1 to /home/abhinav/.config/discord/0.0.35/modules/pending/discord_krisp-1.zip: 5%
2023-11-18T14:55:04.532Z [Modules] Streaming discord_krisp@1 to /home/abhinav/.config/discord/0.0.35/modules/pending/discord_krisp-1.zip: 6%
2023-11-18T14:55:04.556Z [Modules] Streaming discord_krisp@1 to /home/abhinav/.config/discord/0.0.35/modules/pending/discord_krisp-1.zip: 7%
2023-11-18T14:55:04.577Z [Modules] Streaming discord_krisp@1 to /home/abhinav/.config/discord/0.0.35/modules/pending/discord_krisp-1.zip: 8%
2023-11-18T14:55:04.647Z [Modules] Streaming discord_krisp@1 to /home/abhinav/.config/discord/0.0.35/modules/pending/discord_krisp-1.zip: 9%
2023-11-18T14:55:04.667Z [Modules] Streaming discord_krisp@1 to /home/abhinav/.config/discord/0.0.35/modules/pending/discord_krisp-1.zip: 10%
2023-11-18T14:55:04.674Z [Modules] Streaming discord_krisp@1 to /home/abhinav/.config/discord/0.0.35/modules/pending/discord_krisp-1.zip: 11%
2023-11-18T14:55:04.679Z [Modules] Streaming discord_krisp@1 to /home/abhinav/.config/discord/0.0.35/modules/pending/discord_krisp-1.zip: 12%
2023-11-18T14:55:04.714Z [Modules] Streaming discord_krisp@1 to /home/abhinav/.config/discord/0.0.35/modules/pending/discord_krisp-1.zip: 13%
2023-11-18T14:55:04.751Z [Modules] Streaming discord_krisp@1 to /home/abhinav/.config/discord/0.0.35/modules/pending/discord_krisp-1.zip: 14%
2023-11-18T14:55:04.772Z [Modules] Streaming discord_krisp@1 to /home/abhinav/.config/discord/0.0.35/modules/pending/discord_krisp-1.zip: 15%
2023-11-18T14:55:04.791Z [Modules] Streaming discord_krisp@1 to /home/abhinav/.config/discord/0.0.35/modules/pending/discord_krisp-1.zip: 16%
2023-11-18T14:55:04.820Z [Modules] Streaming discord_krisp@1 to /home/abhinav/.config/discord/0.0.35/modules/pending/discord_krisp-1.zip: 17%
2023-11-18T14:55:04.871Z [Modules] Streaming discord_krisp@1 to /home/abhinav/.config/discord/0.0.35/modules/pending/discord_krisp-1.zip: 18%
2023-11-18T14:55:04.876Z [Modules] Streaming discord_krisp@1 to /home/abhinav/.config/discord/0.0.35/modules/pending/discord_krisp-1.zip: 19%
2023-11-18T14:55:04.887Z [Modules] Streaming discord_krisp@1 to /home/abhinav/.config/discord/0.0.35/modules/pending/discord_krisp-1.zip: 20%
2023-11-18T14:55:04.908Z [Modules] Streaming discord_krisp@1 to /home/abhinav/.config/discord/0.0.35/modules/pending/discord_krisp-1.zip: 21%
2023-11-18T14:55:04.927Z [Modules] Streaming discord_krisp@1 to /home/abhinav/.config/discord/0.0.35/modules/pending/discord_krisp-1.zip: 22%
2023-11-18T14:55:04.952Z [Modules] Streaming discord_krisp@1 to /home/abhinav/.config/discord/0.0.35/modules/pending/discord_krisp-1.zip: 23%
2023-11-18T14:55:04.976Z [Modules] Streaming discord_krisp@1 to /home/abhinav/.config/discord/0.0.35/modules/pending/discord_krisp-1.zip: 24%
2023-11-18T14:55:05.004Z [Modules] Streaming discord_krisp@1 to /home/abhinav/.config/discord/0.0.35/modules/pending/discord_krisp-1.zip: 25%
2023-11-18T14:55:05.027Z [Modules] Streaming discord_krisp@1 to /home/abhinav/.config/discord/0.0.35/modules/pending/discord_krisp-1.zip: 26%
2023-11-18T14:55:05.050Z [Modules] Streaming discord_krisp@1 to /home/abhinav/.config/discord/0.0.35/modules/pending/discord_krisp-1.zip: 27%
2023-11-18T14:55:05.079Z [Modules] Streaming discord_krisp@1 to /home/abhinav/.config/discord/0.0.35/modules/pending/discord_krisp-1.zip: 28%
2023-11-18T14:55:05.105Z [Modules] Streaming discord_krisp@1 to /home/abhinav/.config/discord/0.0.35/modules/pending/discord_krisp-1.zip: 29%
2023-11-18T14:55:05.125Z [Modules] Streaming discord_krisp@1 to /home/abhinav/.config/discord/0.0.35/modules/pending/discord_krisp-1.zip: 30%
2023-11-18T14:55:05.147Z [Modules] Streaming discord_krisp@1 to /home/abhinav/.config/discord/0.0.35/modules/pending/discord_krisp-1.zip: 31%
2023-11-18T14:55:05.175Z [Modules] Streaming discord_krisp@1 to /home/abhinav/.config/discord/0.0.35/modules/pending/discord_krisp-1.zip: 32%
2023-11-18T14:55:05.201Z [Modules] Streaming discord_krisp@1 to /home/abhinav/.config/discord/0.0.35/modules/pending/discord_krisp-1.zip: 33%
2023-11-18T14:55:05.222Z [Modules] Streaming discord_krisp@1 to /home/abhinav/.config/discord/0.0.35/modules/pending/discord_krisp-1.zip: 34%
2023-11-18T14:55:05.246Z [Modules] Streaming discord_krisp@1 to /home/abhinav/.config/discord/0.0.35/modules/pending/discord_krisp-1.zip: 35%
2023-11-18T14:55:05.275Z [Modules] Streaming discord_krisp@1 to /home/abhinav/.config/discord/0.0.35/modules/pending/discord_krisp-1.zip: 36%
2023-11-18T14:55:05.294Z [Modules] Checking for host updates.
2023-11-18T14:55:05.296Z [Modules] Streaming discord_krisp@1 to /home/abhinav/.config/discord/0.0.35/modules/pending/discord_krisp-1.zip: 37%
2023-11-18T14:55:05.323Z [Modules] Streaming discord_krisp@1 to /home/abhinav/.config/discord/0.0.35/modules/pending/discord_krisp-1.zip: 38%
2023-11-18T14:55:05.345Z [Modules] Streaming discord_krisp@1 to /home/abhinav/.config/discord/0.0.35/modules/pending/discord_krisp-1.zip: 39%
2023-11-18T14:55:05.369Z [Modules] Streaming discord_krisp@1 to /home/abhinav/.config/discord/0.0.35/modules/pending/discord_krisp-1.zip: 40%
2023-11-18T14:55:05.396Z [Modules] Streaming discord_krisp@1 to /home/abhinav/.config/discord/0.0.35/modules/pending/discord_krisp-1.zip: 41%
2023-11-18T14:55:05.419Z [Modules] Streaming discord_krisp@1 to /home/abhinav/.config/discord/0.0.35/modules/pending/discord_krisp-1.zip: 42%
2023-11-18T14:55:05.442Z [Modules] Streaming discord_krisp@1 to /home/abhinav/.config/discord/0.0.35/modules/pending/discord_krisp-1.zip: 43%
2023-11-18T14:55:05.468Z [Modules] Streaming discord_krisp@1 to /home/abhinav/.config/discord/0.0.35/modules/pending/discord_krisp-1.zip: 44%
2023-11-18T14:55:05.494Z [Modules] Streaming discord_krisp@1 to /home/abhinav/.config/discord/0.0.35/modules/pending/discord_krisp-1.zip: 45%
2023-11-18T14:55:05.519Z [Modules] Streaming discord_krisp@1 to /home/abhinav/.config/discord/0.0.35/modules/pending/discord_krisp-1.zip: 46%
2023-11-18T14:55:05.534Z [Modules] Host is up to date.
2023-11-18T14:55:05.535Z [Modules] Checking for module updates at https://discord.com/api/modules/stable/versions.json
2023-11-18T14:55:05.545Z [Modules] Streaming discord_krisp@1 to /home/abhinav/.config/discord/0.0.35/modules/pending/discord_krisp-1.zip: 47%
2023-11-18T14:55:05.549Z [Modules] No module updates available.
2023-11-18T14:55:05.553Z [Modules] Starting to install discord_rpc...
2023-11-18T14:55:05.566Z [Modules] Streaming discord_krisp@1 to /home/abhinav/.config/discord/0.0.35/modules/pending/discord_krisp-1.zip: 48%
2023-11-18T14:55:05.592Z [Modules] Streaming discord_krisp@1 to /home/abhinav/.config/discord/0.0.35/modules/pending/discord_krisp-1.zip: 49%
2023-11-18T14:55:05.618Z [Modules] Streaming discord_krisp@1 to /home/abhinav/.config/discord/0.0.35/modules/pending/discord_krisp-1.zip: 50%
2023-11-18T14:55:05.640Z [Modules] Streaming discord_krisp@1 to /home/abhinav/.config/discord/0.0.35/modules/pending/discord_krisp-1.zip: 51%
2023-11-18T14:55:05.664Z [Modules] Streaming discord_krisp@1 to /home/abhinav/.config/discord/0.0.35/modules/pending/discord_krisp-1.zip: 52%
2023-11-18T14:55:05.691Z [Modules] Streaming discord_krisp@1 to /home/abhinav/.config/discord/0.0.35/modules/pending/discord_krisp-1.zip: 53%
2023-11-18T14:55:05.716Z [Modules] Streaming discord_krisp@1 to /home/abhinav/.config/discord/0.0.35/modules/pending/discord_krisp-1.zip: 54%
2023-11-18T14:55:05.739Z [Modules] Streaming discord_krisp@1 to /home/abhinav/.config/discord/0.0.35/modules/pending/discord_krisp-1.zip: 55%
2023-11-18T14:55:05.803Z [Modules] Streaming discord_krisp@1 to /home/abhinav/.config/discord/0.0.35/modules/pending/discord_krisp-1.zip: 56%
2023-11-18T14:55:05.982Z [Modules] Streaming discord_krisp@1 to /home/abhinav/.config/discord/0.0.35/modules/pending/discord_krisp-1.zip: 57%
2023-11-18T14:55:05.989Z [Modules] Streaming discord_krisp@1 to /home/abhinav/.config/discord/0.0.35/modules/pending/discord_krisp-1.zip: 58%
2023-11-18T14:55:05.995Z [Modules] Streaming discord_krisp@1 to /home/abhinav/.config/discord/0.0.35/modules/pending/discord_krisp-1.zip: 59%
2023-11-18T14:55:06.005Z [Modules] Streaming discord_krisp@1 to /home/abhinav/.config/discord/0.0.35/modules/pending/discord_krisp-1.zip: 61%
2023-11-18T14:55:06.028Z [Modules] Streaming discord_krisp@1 to /home/abhinav/.config/discord/0.0.35/modules/pending/discord_krisp-1.zip: 62%
2023-11-18T14:55:06.052Z [Modules] Streaming discord_krisp@1 to /home/abhinav/.config/discord/0.0.35/modules/pending/discord_krisp-1.zip: 63%
2023-11-18T14:55:06.083Z [Modules] Streaming discord_krisp@1 to /home/abhinav/.config/discord/0.0.35/modules/pending/discord_krisp-1.zip: 64%
2023-11-18T14:55:06.105Z [Modules] Streaming discord_krisp@1 to /home/abhinav/.config/discord/0.0.35/modules/pending/discord_krisp-1.zip: 65%
2023-11-18T14:55:06.127Z [Modules] Streaming discord_krisp@1 to /home/abhinav/.config/discord/0.0.35/modules/pending/discord_krisp-1.zip: 66%
2023-11-18T14:55:06.155Z [Modules] Streaming discord_krisp@1 to /home/abhinav/.config/discord/0.0.35/modules/pending/discord_krisp-1.zip: 67%
2023-11-18T14:55:06.175Z [Modules] Streaming discord_krisp@1 to /home/abhinav/.config/discord/0.0.35/modules/pending/discord_krisp-1.zip: 68%
2023-11-18T14:55:06.200Z [Modules] Streaming discord_krisp@1 to /home/abhinav/.config/discord/0.0.35/modules/pending/discord_krisp-1.zip: 69%
2023-11-18T14:55:06.227Z [Modules] Streaming discord_krisp@1 to /home/abhinav/.config/discord/0.0.35/modules/pending/discord_krisp-1.zip: 70%
2023-11-18T14:55:06.314Z [Modules] Streaming discord_krisp@1 to /home/abhinav/.config/discord/0.0.35/modules/pending/discord_krisp-1.zip: 71%
2023-11-18T14:55:06.314Z [Modules] Streaming discord_krisp@1 to /home/abhinav/.config/discord/0.0.35/modules/pending/discord_krisp-1.zip: 73%
2023-11-18T14:55:06.342Z [Modules] Streaming discord_krisp@1 to /home/abhinav/.config/discord/0.0.35/modules/pending/discord_krisp-1.zip: 74%
2023-11-18T14:55:06.359Z [Modules] Streaming discord_krisp@1 to /home/abhinav/.config/discord/0.0.35/modules/pending/discord_krisp-1.zip: 75%
2023-11-18T14:55:06.382Z [Modules] Streaming discord_krisp@1 to /home/abhinav/.config/discord/0.0.35/modules/pending/discord_krisp-1.zip: 76%
2023-11-18T14:55:06.402Z [Modules] Streaming discord_krisp@1 to /home/abhinav/.config/discord/0.0.35/modules/pending/discord_krisp-1.zip: 77%
2023-11-18T14:55:06.444Z [Modules] Streaming discord_krisp@1 to /home/abhinav/.config/discord/0.0.35/modules/pending/discord_krisp-1.zip: 78%
2023-11-18T14:55:06.474Z [Modules] Streaming discord_krisp@1 to /home/abhinav/.config/discord/0.0.35/modules/pending/discord_krisp-1.zip: 79%
2023-11-18T14:55:06.476Z [Modules] Streaming discord_krisp@1 to /home/abhinav/.config/discord/0.0.35/modules/pending/discord_krisp-1.zip: 80%
2023-11-18T14:55:06.495Z [Modules] Streaming discord_krisp@1 to /home/abhinav/.config/discord/0.0.35/modules/pending/discord_krisp-1.zip: 81%
2023-11-18T14:55:06.523Z [Modules] Streaming discord_krisp@1 to /home/abhinav/.config/discord/0.0.35/modules/pending/discord_krisp-1.zip: 82%
2023-11-18T14:55:06.547Z [Modules] Streaming discord_krisp@1 to /home/abhinav/.config/discord/0.0.35/modules/pending/discord_krisp-1.zip: 83%
2023-11-18T14:55:06.570Z [Modules] Streaming discord_krisp@1 to /home/abhinav/.config/discord/0.0.35/modules/pending/discord_krisp-1.zip: 84%
2023-11-18T14:55:06.624Z [Modules] Streaming discord_krisp@1 to /home/abhinav/.config/discord/0.0.35/modules/pending/discord_krisp-1.zip: 85%
2023-11-18T14:55:06.673Z [Modules] Streaming discord_krisp@1 to /home/abhinav/.config/discord/0.0.35/modules/pending/discord_krisp-1.zip: 86%
2023-11-18T14:55:06.696Z [Modules] Streaming discord_krisp@1 to /home/abhinav/.config/discord/0.0.35/modules/pending/discord_krisp-1.zip: 87%
2023-11-18T14:55:06.722Z [Modules] Streaming discord_krisp@1 to /home/abhinav/.config/discord/0.0.35/modules/pending/discord_krisp-1.zip: 88%
2023-11-18T14:55:06.748Z [Modules] Streaming discord_krisp@1 to /home/abhinav/.config/discord/0.0.35/modules/pending/discord_krisp-1.zip: 89%
2023-11-18T14:55:06.772Z [Modules] Streaming discord_krisp@1 to /home/abhinav/.config/discord/0.0.35/modules/pending/discord_krisp-1.zip: 90%
2023-11-18T14:55:06.794Z [Modules] Streaming discord_krisp@1 to /home/abhinav/.config/discord/0.0.35/modules/pending/discord_krisp-1.zip: 91%
2023-11-18T14:55:06.819Z [Modules] Streaming discord_krisp@1 to /home/abhinav/.config/discord/0.0.35/modules/pending/discord_krisp-1.zip: 92%
2023-11-18T14:55:06.846Z [Modules] Streaming discord_krisp@1 to /home/abhinav/.config/discord/0.0.35/modules/pending/discord_krisp-1.zip: 93%
2023-11-18T14:55:06.870Z [Modules] Streaming discord_krisp@1 to /home/abhinav/.config/discord/0.0.35/modules/pending/discord_krisp-1.zip: 94%
2023-11-18T14:55:06.893Z [Modules] Streaming discord_krisp@1 to /home/abhinav/.config/discord/0.0.35/modules/pending/discord_krisp-1.zip: 95%
2023-11-18T14:55:06.920Z [Modules] Streaming discord_krisp@1 to /home/abhinav/.config/discord/0.0.35/modules/pending/discord_krisp-1.zip: 96%
2023-11-18T14:55:06.947Z [Modules] Streaming discord_krisp@1 to /home/abhinav/.config/discord/0.0.35/modules/pending/discord_krisp-1.zip: 97%
2023-11-18T14:55:06.968Z [Modules] Streaming discord_krisp@1 to /home/abhinav/.config/discord/0.0.35/modules/pending/discord_krisp-1.zip: 98%
2023-11-18T14:55:06.991Z [Modules] Streaming discord_krisp@1 to /home/abhinav/.config/discord/0.0.35/modules/pending/discord_krisp-1.zip: 99%
2023-11-18T14:55:07.014Z [Modules] Streaming discord_krisp@1 to /home/abhinav/.config/discord/0.0.35/modules/pending/discord_krisp-1.zip: 100%
2023-11-18T14:55:07.018Z [Modules] Fetching discord_game_utils@1 from https://discord.com/api/modules/stable/discord_game_utils/1
2023-11-18T14:55:07.018Z [Modules] Streaming discord_game_utils@1 to /home/abhinav/.config/discord/0.0.35/modules/pending/discord_game_utils-1.zip
2023-11-18T14:55:07.018Z [Modules] Installing discord_krisp@1 from /home/abhinav/.config/discord/0.0.35/modules/pending/discord_krisp-1.zip
2023-11-18T14:55:07.242Z [Modules] Streaming discord_game_utils@1 to /home/abhinav/.config/discord/0.0.35/modules/pending/discord_game_utils-1.zip: 3%
2023-11-18T14:55:07.247Z [Modules] Streaming discord_game_utils@1 to /home/abhinav/.config/discord/0.0.35/modules/pending/discord_game_utils-1.zip: 5%
2023-11-18T14:55:07.249Z [Modules] Streaming discord_game_utils@1 to /home/abhinav/.config/discord/0.0.35/modules/pending/discord_game_utils-1.zip: 6%
2023-11-18T14:55:07.251Z [Modules] Streaming discord_game_utils@1 to /home/abhinav/.config/discord/0.0.35/modules/pending/discord_game_utils-1.zip: 7%
2023-11-18T14:55:07.255Z [Modules] Streaming discord_game_utils@1 to /home/abhinav/.config/discord/0.0.35/modules/pending/discord_game_utils-1.zip: 9%
2023-11-18T14:55:07.258Z [Modules] Streaming discord_game_utils@1 to /home/abhinav/.config/discord/0.0.35/modules/pending/discord_game_utils-1.zip: 10%
2023-11-18T14:55:07.263Z [Modules] Streaming discord_game_utils@1 to /home/abhinav/.config/discord/0.0.35/modules/pending/discord_game_utils-1.zip: 12%
2023-11-18T14:55:07.268Z [Modules] Streaming discord_game_utils@1 to /home/abhinav/.config/discord/0.0.35/modules/pending/discord_game_utils-1.zip: 15%
2023-11-18T14:55:07.277Z [Modules] Streaming discord_game_utils@1 to /home/abhinav/.config/discord/0.0.35/modules/pending/discord_game_utils-1.zip: 18%
2023-11-18T14:55:07.279Z [Modules] Streaming discord_game_utils@1 to /home/abhinav/.config/discord/0.0.35/modules/pending/discord_game_utils-1.zip: 19%
2023-11-18T14:55:07.280Z [Modules] Streaming discord_game_utils@1 to /home/abhinav/.config/discord/0.0.35/modules/pending/discord_game_utils-1.zip: 20%
2023-11-18T14:55:07.285Z [Modules] Streaming discord_game_utils@1 to /home/abhinav/.config/discord/0.0.35/modules/pending/discord_game_utils-1.zip: 22%
2023-11-18T14:55:07.295Z [Modules] Streaming discord_game_utils@1 to /home/abhinav/.config/discord/0.0.35/modules/pending/discord_game_utils-1.zip: 25%
2023-11-18T14:55:07.295Z [Modules] Streaming discord_game_utils@1 to /home/abhinav/.config/discord/0.0.35/modules/pending/discord_game_utils-1.zip: 26%
2023-11-18T14:55:07.296Z [Modules] Streaming discord_game_utils@1 to /home/abhinav/.config/discord/0.0.35/modules/pending/discord_game_utils-1.zip: 27%
2023-11-18T14:55:07.297Z [Modules] Streaming discord_game_utils@1 to /home/abhinav/.config/discord/0.0.35/modules/pending/discord_game_utils-1.zip: 28%
2023-11-18T14:55:07.301Z [Modules] Streaming discord_game_utils@1 to /home/abhinav/.config/discord/0.0.35/modules/pending/discord_game_utils-1.zip: 29%
2023-11-18T14:55:07.303Z [Modules] Streaming discord_game_utils@1 to /home/abhinav/.config/discord/0.0.35/modules/pending/discord_game_utils-1.zip: 30%
2023-11-18T14:55:07.303Z [Modules] Streaming discord_game_utils@1 to /home/abhinav/.config/discord/0.0.35/modules/pending/discord_game_utils-1.zip: 31%
2023-11-18T14:55:07.307Z [Modules] Streaming discord_game_utils@1 to /home/abhinav/.config/discord/0.0.35/modules/pending/discord_game_utils-1.zip: 33%
2023-11-18T14:55:07.310Z [Modules] Streaming discord_game_utils@1 to /home/abhinav/.config/discord/0.0.35/modules/pending/discord_game_utils-1.zip: 34%
2023-11-18T14:55:07.312Z [Modules] Streaming discord_game_utils@1 to /home/abhinav/.config/discord/0.0.35/modules/pending/discord_game_utils-1.zip: 35%
2023-11-18T14:55:07.316Z [Modules] Streaming discord_game_utils@1 to /home/abhinav/.config/discord/0.0.35/modules/pending/discord_game_utils-1.zip: 36%
2023-11-18T14:55:07.317Z [Modules] Streaming discord_game_utils@1 to /home/abhinav/.config/discord/0.0.35/modules/pending/discord_game_utils-1.zip: 37%
2023-11-18T14:55:07.321Z [Modules] Streaming discord_game_utils@1 to /home/abhinav/.config/discord/0.0.35/modules/pending/discord_game_utils-1.zip: 38%
2023-11-18T14:55:07.323Z [Modules] Streaming discord_game_utils@1 to /home/abhinav/.config/discord/0.0.35/modules/pending/discord_game_utils-1.zip: 40%
2023-11-18T14:55:07.329Z [Modules] Streaming discord_game_utils@1 to /home/abhinav/.config/discord/0.0.35/modules/pending/discord_game_utils-1.zip: 42%
2023-11-18T14:55:07.330Z [Modules] Streaming discord_game_utils@1 to /home/abhinav/.config/discord/0.0.35/modules/pending/discord_game_utils-1.zip: 43%
2023-11-18T14:55:07.333Z [Modules] Streaming discord_game_utils@1 to /home/abhinav/.config/discord/0.0.35/modules/pending/discord_game_utils-1.zip: 44%
2023-11-18T14:55:07.334Z [Modules] Streaming discord_game_utils@1 to /home/abhinav/.config/discord/0.0.35/modules/pending/discord_game_utils-1.zip: 45%
2023-11-18T14:55:07.336Z [Modules] Streaming discord_game_utils@1 to /home/abhinav/.config/discord/0.0.35/modules/pending/discord_game_utils-1.zip: 46%
2023-11-18T14:55:07.343Z [Modules] Streaming discord_game_utils@1 to /home/abhinav/.config/discord/0.0.35/modules/pending/discord_game_utils-1.zip: 47%
2023-11-18T14:55:07.344Z [Modules] Streaming discord_game_utils@1 to /home/abhinav/.config/discord/0.0.35/modules/pending/discord_game_utils-1.zip: 49%
2023-11-18T14:55:07.349Z [Modules] Streaming discord_game_utils@1 to /home/abhinav/.config/discord/0.0.35/modules/pending/discord_game_utils-1.zip: 51%
2023-11-18T14:55:07.355Z [Modules] Streaming discord_game_utils@1 to /home/abhinav/.config/discord/0.0.35/modules/pending/discord_game_utils-1.zip: 53%
2023-11-18T14:55:07.356Z [Modules] Streaming discord_game_utils@1 to /home/abhinav/.config/discord/0.0.35/modules/pending/discord_game_utils-1.zip: 54%
2023-11-18T14:55:07.357Z [Modules] Streaming discord_game_utils@1 to /home/abhinav/.config/discord/0.0.35/modules/pending/discord_game_utils-1.zip: 55%
2023-11-18T14:55:07.358Z [Modules] Streaming discord_game_utils@1 to /home/abhinav/.config/discord/0.0.35/modules/pending/discord_game_utils-1.zip: 56%
2023-11-18T14:55:07.360Z [Modules] Streaming discord_game_utils@1 to /home/abhinav/.config/discord/0.0.35/modules/pending/discord_game_utils-1.zip: 57%
2023-11-18T14:55:07.365Z [Modules] Streaming discord_game_utils@1 to /home/abhinav/.config/discord/0.0.35/modules/pending/discord_game_utils-1.zip: 59%
2023-11-18T14:55:07.367Z [Modules] Streaming discord_game_utils@1 to /home/abhinav/.config/discord/0.0.35/modules/pending/discord_game_utils-1.zip: 60%
2023-11-18T14:55:07.370Z [Modules] Streaming discord_game_utils@1 to /home/abhinav/.config/discord/0.0.35/modules/pending/discord_game_utils-1.zip: 61%
2023-11-18T14:55:07.371Z [Modules] Streaming discord_game_utils@1 to /home/abhinav/.config/discord/0.0.35/modules/pending/discord_game_utils-1.zip: 62%
2023-11-18T14:55:07.377Z [Modules] Streaming discord_game_utils@1 to /home/abhinav/.config/discord/0.0.35/modules/pending/discord_game_utils-1.zip: 64%
2023-11-18T14:55:07.378Z [Modules] Streaming discord_game_utils@1 to /home/abhinav/.config/discord/0.0.35/modules/pending/discord_game_utils-1.zip: 65%
2023-11-18T14:55:07.379Z [Modules] Streaming discord_game_utils@1 to /home/abhinav/.config/discord/0.0.35/modules/pending/discord_game_utils-1.zip: 66%
2023-11-18T14:55:07.382Z [Modules] Streaming discord_game_utils@1 to /home/abhinav/.config/discord/0.0.35/modules/pending/discord_game_utils-1.zip: 67%
2023-11-18T14:55:07.387Z [Modules] Streaming discord_game_utils@1 to /home/abhinav/.config/discord/0.0.35/modules/pending/discord_game_utils-1.zip: 68%
2023-11-18T14:55:07.387Z [Modules] Streaming discord_game_utils@1 to /home/abhinav/.config/discord/0.0.35/modules/pending/discord_game_utils-1.zip: 69%
2023-11-18T14:55:07.391Z [Modules] Streaming discord_game_utils@1 to /home/abhinav/.config/discord/0.0.35/modules/pending/discord_game_utils-1.zip: 70%
2023-11-18T14:55:07.393Z [Modules] Streaming discord_game_utils@1 to /home/abhinav/.config/discord/0.0.35/modules/pending/discord_game_utils-1.zip: 72%
2023-11-18T14:55:07.395Z [Modules] Streaming discord_game_utils@1 to /home/abhinav/.config/discord/0.0.35/modules/pending/discord_game_utils-1.zip: 73%
2023-11-18T14:55:07.401Z [Modules] Streaming discord_game_utils@1 to /home/abhinav/.config/discord/0.0.35/modules/pending/discord_game_utils-1.zip: 74%
2023-11-18T14:55:07.402Z [Modules] Streaming discord_game_utils@1 to /home/abhinav/.config/discord/0.0.35/modules/pending/discord_game_utils-1.zip: 75%
2023-11-18T14:55:07.403Z [Modules] Streaming discord_game_utils@1 to /home/abhinav/.config/discord/0.0.35/modules/pending/discord_game_utils-1.zip: 76%
2023-11-18T14:55:07.404Z [Modules] Streaming discord_game_utils@1 to /home/abhinav/.config/discord/0.0.35/modules/pending/discord_game_utils-1.zip: 77%
2023-11-18T14:55:07.408Z [Modules] Streaming discord_game_utils@1 to /home/abhinav/.config/discord/0.0.35/modules/pending/discord_game_utils-1.zip: 79%
2023-11-18T14:55:07.414Z [Modules] Streaming discord_game_utils@1 to /home/abhinav/.config/discord/0.0.35/modules/pending/discord_game_utils-1.zip: 81%
2023-11-18T14:55:07.416Z [Modules] Streaming discord_game_utils@1 to /home/abhinav/.config/discord/0.0.35/modules/pending/discord_game_utils-1.zip: 82%
2023-11-18T14:55:07.418Z [Modules] Streaming discord_game_utils@1 to /home/abhinav/.config/discord/0.0.35/modules/pending/discord_game_utils-1.zip: 83%
2023-11-18T14:55:07.423Z [Modules] Streaming discord_game_utils@1 to /home/abhinav/.config/discord/0.0.35/modules/pending/discord_game_utils-1.zip: 84%
2023-11-18T14:55:07.424Z [Modules] Streaming discord_game_utils@1 to /home/abhinav/.config/discord/0.0.35/modules/pending/discord_game_utils-1.zip: 86%
2023-11-18T14:55:07.426Z [Modules] Streaming discord_game_utils@1 to /home/abhinav/.config/discord/0.0.35/modules/pending/discord_game_utils-1.zip: 87%
2023-11-18T14:55:07.428Z [Modules] Streaming discord_game_utils@1 to /home/abhinav/.config/discord/0.0.35/modules/pending/discord_game_utils-1.zip: 88%
2023-11-18T14:55:07.432Z [Modules] Streaming discord_game_utils@1 to /home/abhinav/.config/discord/0.0.35/modules/pending/discord_game_utils-1.zip: 89%
2023-11-18T14:55:07.434Z [Modules] Streaming discord_game_utils@1 to /home/abhinav/.config/discord/0.0.35/modules/pending/discord_game_utils-1.zip: 90%
2023-11-18T14:55:07.435Z [Modules] Streaming discord_game_utils@1 to /home/abhinav/.config/discord/0.0.35/modules/pending/discord_game_utils-1.zip: 91%
2023-11-18T14:55:07.438Z [Modules] Streaming discord_game_utils@1 to /home/abhinav/.config/discord/0.0.35/modules/pending/discord_game_utils-1.zip: 92%
2023-11-18T14:55:07.441Z [Modules] Streaming discord_game_utils@1 to /home/abhinav/.config/discord/0.0.35/modules/pending/discord_game_utils-1.zip: 93%
2023-11-18T14:55:07.445Z [Modules] Streaming discord_game_utils@1 to /home/abhinav/.config/discord/0.0.35/modules/pending/discord_game_utils-1.zip: 96%
2023-11-18T14:55:07.448Z [Modules] Streaming discord_game_utils@1 to /home/abhinav/.config/discord/0.0.35/modules/pending/discord_game_utils-1.zip: 97%
2023-11-18T14:55:07.449Z [Modules] Streaming discord_game_utils@1 to /home/abhinav/.config/discord/0.0.35/modules/pending/discord_game_utils-1.zip: 98%
2023-11-18T14:55:07.461Z [Modules] Streaming discord_game_utils@1 to /home/abhinav/.config/discord/0.0.35/modules/pending/discord_game_utils-1.zip: 100%
2023-11-18T14:55:07.462Z [Modules] Fetching discord_rpc@1 from https://discord.com/api/modules/stable/discord_rpc/1
2023-11-18T14:55:07.462Z [Modules] Streaming discord_rpc@1 to /home/abhinav/.config/discord/0.0.35/modules/pending/discord_rpc-1.zip
2023-11-18T14:55:07.656Z [Modules] Streaming discord_rpc@1 to /home/abhinav/.config/discord/0.0.35/modules/pending/discord_rpc-1.zip: 38%
2023-11-18T14:55:07.659Z [Modules] Streaming discord_rpc@1 to /home/abhinav/.config/discord/0.0.35/modules/pending/discord_rpc-1.zip: 100%
2023-11-18T14:55:07.661Z [Modules] Finished module downloads. [success: 3] [failure: 0]
2023-11-18T14:55:08.103Z [Modules] Installing discord_game_utils@1 from /home/abhinav/.config/discord/0.0.35/modules/pending/discord_game_utils-1.zip
2023-11-18T14:55:08.196Z [Modules] Installing discord_rpc@1 from /home/abhinav/.config/discord/0.0.35/modules/pending/discord_rpc-1.zip
2023-11-18T14:55:08.224Z [Modules] Finished module installations. [success: 3] [failure: 0]
2023-11-18T15:04:28.407Z [Modules] Modules initializing
2023-11-18T15:04:28.408Z [Modules] Distribution: remote
2023-11-18T15:04:28.408Z [Modules] Host updates: enabled
2023-11-18T15:04:28.415Z [Modules] Module updates: enabled
2023-11-18T15:04:28.415Z [Modules] Module install path: /home/abhinav/.config/discord/0.0.35/modules
2023-11-18T15:04:28.415Z [Modules] Module installed file path: /home/abhinav/.config/discord/0.0.35/modules/installed.json
2023-11-18T15:04:28.415Z [Modules] Module download path: /home/abhinav/.config/discord/0.0.35/modules/pending
2023-11-18T15:04:28.679Z [Modules] No updates to install
2023-11-18T15:04:28.679Z [Modules] Checking for host updates.
2023-11-18T15:04:28.904Z [Modules] Host is up to date.
2023-11-18T15:04:28.905Z [Modules] Checking for module updates at https://discord.com/api/modules/stable/versions.json
2023-11-18T15:04:28.957Z [Modules] No module updates available.
2023-11-18T15:04:32.801Z [Modules] Checking for host updates.
2023-11-18T15:04:32.976Z [Modules] Host is up to date.
2023-11-18T15:04:32.976Z [Modules] Checking for module updates at https://discord.com/api/modules/stable/versions.json
2023-11-18T15:04:32.984Z [Modules] No module updates available.
2023-11-19T11:24:44.686Z [Modules] Modules initializing
2023-11-19T11:24:44.687Z [Modules] Distribution: remote
2023-11-19T11:24:44.687Z [Modules] Host updates: enabled
2023-11-19T11:24:44.687Z [Modules] Module updates: enabled
2023-11-19T11:24:44.688Z [Modules] Module install path: /home/abhinav/.config/discord/0.0.35/modules
2023-11-19T11:24:44.688Z [Modules] Module installed file path: /home/abhinav/.config/discord/0.0.35/modules/installed.json
2023-11-19T11:24:44.688Z [Modules] Module download path: /home/abhinav/.config/discord/0.0.35/modules/pending
2023-11-19T11:24:44.912Z [Modules] No updates to install
2023-11-19T11:24:44.913Z [Modules] Checking for host updates.
2023-11-19T11:24:45.140Z [Modules] Host is up to date.
2023-11-19T11:24:45.141Z [Modules] Checking for module updates at https://discord.com/api/modules/stable/versions.json
2023-11-19T11:24:45.181Z [Modules] No module updates available.
2023-11-19T11:24:48.334Z [Modules] Checking for host updates.
2023-11-19T11:24:48.491Z [Modules] Host is up to date.
2023-11-19T11:24:48.491Z [Modules] Checking for module updates at https://discord.com/api/modules/stable/versions.json
2023-11-19T11:24:48.496Z [Modules] No module updates available.
2023-11-19T11:26:26.548Z [Modules] Modules initializing
2023-11-19T11:26:26.548Z [Modules] Distribution: remote
2023-11-19T11:26:26.549Z [Modules] Host updates: enabled
2023-11-19T11:26:26.549Z [Modules] Module updates: enabled
2023-11-19T11:26:26.549Z [Modules] Module install path: /home/abhinav/.config/discord/0.0.35/modules
2023-11-19T11:26:26.549Z [Modules] Module installed file path: /home/abhinav/.config/discord/0.0.35/modules/installed.json
2023-11-19T11:26:26.550Z [Modules] Module download path: /home/abhinav/.config/discord/0.0.35/modules/pending
2023-11-19T11:26:26.810Z [Modules] No updates to install
2023-11-19T11:26:26.811Z [Modules] Checking for host updates.
2023-11-19T11:26:27.067Z [Modules] Host is up to date.
2023-11-19T11:26:27.067Z [Modules] Checking for module updates at https://discord.com/api/modules/stable/versions.json
2023-11-19T11:26:27.107Z [Modules] No module updates available.
2023-11-19T11:26:30.187Z [Modules] Checking for host updates.
2023-11-19T11:26:30.338Z [Modules] Host is up to date.
2023-11-19T11:26:30.338Z [Modules] Checking for module updates at https://discord.com/api/modules/stable/versions.json
2023-11-19T11:26:30.342Z [Modules] No module updates available.
2023-11-26T15:39:53.687Z [Modules] Modules initializing
2023-11-26T15:39:53.687Z [Modules] Distribution: remote
2023-11-26T15:39:53.687Z [Modules] Host updates: enabled
2023-11-26T15:39:53.688Z [Modules] Module updates: enabled
2023-11-26T15:39:53.688Z [Modules] Module install path: /home/abhinav/.config/discord/0.0.35/modules
2023-11-26T15:39:53.688Z [Modules] Module installed file path: /home/abhinav/.config/discord/0.0.35/modules/installed.json
2023-11-26T15:39:53.689Z [Modules] Module download path: /home/abhinav/.config/discord/0.0.35/modules/pending
2023-11-26T15:39:53.881Z [Modules] No updates to install
2023-11-26T15:39:53.882Z [Modules] Checking for host updates.
2023-11-26T15:39:54.171Z [Modules] Host is up to date.
2023-11-26T15:39:54.172Z [Modules] Checking for module updates at https://discord.com/api/modules/stable/versions.json
2023-11-26T15:39:54.278Z [Modules] No module updates available.
2023-11-26T15:39:57.441Z [Modules] Checking for host updates.
2023-11-26T15:39:57.597Z [Modules] Host is up to date.
2023-11-26T15:39:57.598Z [Modules] Checking for module updates at https://discord.com/api/modules/stable/versions.json
2023-11-26T15:39:57.601Z [Modules] No module updates available.
