--- Script Start: czw, 10 lip 2025, 00:41:50 CEST ---
Found wallpaper: /home/skcs/wallpapers/beach.png
Found wallpaper: /home/skcs/wallpapers/bench_lamp.png
Found wallpaper: /home/skcs/wallpapers/berserk.png
Found wallpaper: /home/skcs/wallpapers/black_aeroplane.png
Found wallpaper: /home/skcs/wallpapers/black_plane2.jpg
Found wallpaper: /home/skcs/wallpapers/black_plane.jpg
Found wallpaper: /home/skcs/wallpapers/black.png
Found wallpaper: /home/skcs/wallpapers/black_waves2.jpg
Found wallpaper: /home/skcs/wallpapers/black_waves.jpg
Found wallpaper: /home/skcs/wallpapers/blue_flowers_edited.jpg
Found wallpaper: /home/skcs/wallpapers/blue_flowers.jpg
Found wallpaper: /home/skcs/wallpapers/chat.jpg
Found wallpaper: /home/skcs/wallpapers/city_dark.jpg
Found wallpaper: /home/skcs/wallpapers/dark_forest.jpg
Found wallpaper: /home/skcs/wallpapers/elliott-engelmann-DjlKxYFJlTc.jpg
Found wallpaper: /home/skcs/wallpapers/eva.jpg
Found wallpaper: /home/skcs/wallpapers/flower_ascii.png
Found wallpaper: /home/skcs/wallpapers/fly_me_to_the_moon.jpg
Found wallpaper: /home/skcs/wallpapers/forrest_morning.jpg
Found wallpaper: /home/skcs/wallpapers/galaxies1.jpg
Found wallpaper: /home/skcs/wallpapers/galaxies2.jpg
Found wallpaper: /home/skcs/wallpapers/gantaro-9eTP3GF4liQ.jpg
Found wallpaper: /home/skcs/wallpapers/hl2_tiled.png
Found wallpaper: /home/skcs/wallpapers/lofi.jpg
Found wallpaper: /home/skcs/wallpapers/look-1920x1080.png
Found wallpaper: /home/skcs/wallpapers/look.png
Found wallpaper: /home/skcs/wallpapers/seagull.jpg
Found wallpaper: /home/skcs/wallpapers/ss035.gif
Found wallpaper: /home/skcs/wallpapers/stars.jpg
Found wallpaper: /home/skcs/wallpapers/sunflowers.jpg
Found wallpaper: /home/skcs/wallpapers/teal.png
Found wallpaper: /home/skcs/wallpapers/wallhaven-ymw92g.png
Found wallpaper: /home/skcs/wallpapers/waves.jpg
Found wallpaper: /home/skcs/wallpapers/window.jpg
Generated widgets successfully.
--- Script End ---
