[2025-07-02 10:34:41.867] [info] Using configuration file /home/skcs/.config/waybar/config.json
[2025-07-02 10:34:41.868] [info] Unable to receive desktop appearance: GDBus.Error:org.freedesktop.DBus.Error.UnknownMethod: No such interface “org.freedesktop.portal.Settings” on object at path /org/freedesktop/portal/desktop
[2025-07-02 10:34:41.868] [info] Using CSS file /home/skcs/.config/waybar/style.css
[2025-07-02 10:34:41.876] [info] Hyprland IPC starting
[2025-07-02 10:34:41.877] [info] Loading persistent workspaces from Hyprland workspace rules
[2025-07-02 10:34:41.889] [info] Loading persistent workspaces from Hyprland workspace rules
/home/skcs/.config/waybar/scripts/weather.sh: line 27: echo: write error: Broken pipe
/home/skcs/.config/waybar/scripts/weather.sh: line 27: echo: write error: Broken pipe
[2025-07-02 10:34:42.104] [warning] Requested height: 3 is less than the minimum height: 17 required by the modules
[2025-07-02 10:34:42.104] [info] Bar configured (width: 1920, height: 17) for output: DVI-D-1

** (waybar:67426): WARNING **: 10:34:42.104: Status Notifier Item with bus name ':1.20' and object path '/org/ayatana/NotificationItem/nm_applet' is already registered
[2025-07-02 10:34:42.104] [warning] Requested height: 3 is less than the minimum height: 17 required by the modules
[2025-07-02 10:34:42.104] [info] Bar configured (width: 1920, height: 17) for output: DP-1
[2025-07-02 10:34:42.104] [error] Item '': No icon name or pixmap given.
/home/skcs/.config/waybar/scripts/weather.sh: line 27: echo: write error: Broken pipe
/home/skcs/.config/waybar/scripts/weather.sh: line 27: echo: write error: Broken pipe
/home/skcs/.config/waybar/scripts/weather.sh: line 27: echo: write error: Broken pipe
/home/skcs/.config/waybar/scripts/weather.sh: line 27: echo: write error: Broken pipe
/home/skcs/.config/waybar/scripts/weather.sh: line 27: echo: write error: Broken pipe
/home/skcs/.config/waybar/scripts/weather.sh: line 27: echo: write error: Broken pipe
[2025-07-02 10:54:06.930] [info] Hyprland config reloaded, reinitializing hyprland/workspaces module...
[2025-07-02 10:54:06.931] [info] Loading persistent workspaces from Hyprland workspace rules
[2025-07-02 10:54:06.931] [info] Hyprland config reloaded, reinitializing hyprland/workspaces module...
[2025-07-02 10:54:06.931] [info] Loading persistent workspaces from Hyprland workspace rules
/home/skcs/.config/waybar/scripts/weather.sh: line 27: echo: write error: Broken pipe
/home/skcs/.config/waybar/scripts/weather.sh: line 27: echo: write error: Broken pipe
[2025-07-02 10:57:15.194] [info] Hyprland config reloaded, reinitializing hyprland/workspaces module...
[2025-07-02 10:57:15.195] [info] Loading persistent workspaces from Hyprland workspace rules
[2025-07-02 10:57:15.195] [info] Hyprland config reloaded, reinitializing hyprland/workspaces module...
[2025-07-02 10:57:15.196] [info] Loading persistent workspaces from Hyprland workspace rules
[2025-07-02 10:57:23.725] [info] Hyprland config reloaded, reinitializing hyprland/workspaces module...
[2025-07-02 10:57:23.726] [info] Loading persistent workspaces from Hyprland workspace rules
[2025-07-02 10:57:23.726] [info] Hyprland config reloaded, reinitializing hyprland/workspaces module...
[2025-07-02 10:57:23.727] [info] Loading persistent workspaces from Hyprland workspace rules
[2025-07-02 10:58:02.090] [info] Hyprland config reloaded, reinitializing hyprland/workspaces module...
[2025-07-02 10:58:02.091] [info] Loading persistent workspaces from Hyprland workspace rules
[2025-07-02 10:58:02.091] [info] Hyprland config reloaded, reinitializing hyprland/workspaces module...
[2025-07-02 10:58:02.092] [info] Loading persistent workspaces from Hyprland workspace rules
[2025-07-02 10:58:05.130] [info] Hyprland config reloaded, reinitializing hyprland/workspaces module...
[2025-07-02 10:58:05.132] [info] Loading persistent workspaces from Hyprland workspace rules
[2025-07-02 10:58:05.132] [info] Hyprland config reloaded, reinitializing hyprland/workspaces module...
[2025-07-02 10:58:05.132] [info] Loading persistent workspaces from Hyprland workspace rules
[2025-07-02 10:58:09.169] [info] Hyprland config reloaded, reinitializing hyprland/workspaces module...
[2025-07-02 10:58:09.170] [info] Loading persistent workspaces from Hyprland workspace rules
[2025-07-02 10:58:09.170] [info] Hyprland config reloaded, reinitializing hyprland/workspaces module...
[2025-07-02 10:58:09.171] [info] Loading persistent workspaces from Hyprland workspace rules
[2025-07-02 10:58:42.208] [info] Hyprland config reloaded, reinitializing hyprland/workspaces module...
[2025-07-02 10:58:42.213] [info] Loading persistent workspaces from Hyprland workspace rules
[2025-07-02 10:58:42.213] [info] Hyprland config reloaded, reinitializing hyprland/workspaces module...
[2025-07-02 10:58:42.213] [info] Loading persistent workspaces from Hyprland workspace rules
/home/skcs/.config/waybar/scripts/weather.sh: line 27: echo: write error: Broken pipe
/home/skcs/.config/waybar/scripts/weather.sh: line 27: echo: write error: Broken pipe
Gdk-Message: 11:05:07.645: Error reading events from display: Broken pipe
